#
# A fatal error has been detected by the Java Runtime Environment:
#
#  Internal Error (jvmciRuntime.cpp:1609), pid=43, tid=86
#  fatal error: Fatal exception in JVMCI: Error calling jdk.vm.ci.services.Services.serializeSavedProperties
#
# JRE version: OpenJDK Runtime Environment GraalVM CE 22.3.0 (17.0.5+8) (build 17.0.5+8-jvmci-22.3-b08)
# Java VM: OpenJDK 64-Bit Server VM GraalVM CE 22.3.0 (17.0.5+8-jvmci-22.3-b08, mixed mode, sharing, tiered, jvmci, jvmci compiler, compressed oops, compressed class ptrs, parallel gc, linux-amd64)
# Problematic frame:
# V  [libjvm.so+0x972714]  JVMCIRuntime::fatal_exception(JVMCIEnv*, char const*)+0x74
#
# Core dump will be written. Default location: Core dumps may be processed with "/usr/share/apport/apport -p%p -s%s -c%c -d%d -P%P -u%u -g%g -- %E" (or dumping to /home/runner/Fishing-Game/core.43)
#
# If you would like to submit a bug report, please visit:
#   https://github.com/oracle/graal/issues
#

---------------  S U M M A R Y ------------

Command Line: -XX:ThreadPriorityPolicy=1 -XX:+UnlockExperimentalVMOptions -XX:+EnableJVMCIProduct -XX:JVMCIThreadsPerNativeLibraryRuntime=1 -XX:-UnlockExperimentalVMOptions -Declipse.application=org.eclipse.jdt.ls.core.id1 -Dosgi.bundles.defaultStartLevel=4 -Declipse.product=org.eclipse.jdt.ls.core.product -Dlog.level=ALL -Xverify:none -XX:+UseParallelGC -XX:GCTimeRatio=4 -XX:AdaptiveSizePolicyWeight=90 -Dsun.zip.disableMemoryMapping=true -Xmx512m -Xms100m /nix/store/q9712qvwdh22a4krw4jz2sjrz07mvjbl-jdt-language-server-1.9.0/share/java/plugins/org.eclipse.equinox.launcher_1.6.400.v20210924-0641.jar --add-modules=ALL-SYSTEM --add-opens java.base/java.util=ALL-UNNAMED --add-opens java.base/java.lang=ALL-UNNAMED -configuration /home/runner/Fishing-Game/.cache/jdt-language-server/config -data /home/runner/.cache/jdt-language-server/data/home/runner/Fishing-Game

Host: Intel(R) Xeon(R) CPU @ 2.20GHz, 8 cores, 8G, Ubuntu 20.04.2 LTS
Time: Fri Feb 23 17:44:48 2024 UTC elapsed time: 109.420682 seconds (0d 0h 1m 49s)

---------------  T H R E A D  ---------------

Current thread (0x00007f43f4114d60):  JavaThread "JVMCI-native CompilerThread0" daemon [_thread_in_vm, id=86, stack(0x00007f43daa00000,0x00007f43dac00000)]


Current CompileTask:
JVMCI-native: 109421 8643       4       java.util.jar.Manifest::getAttributes (14 bytes)

Stack: [0x00007f43daa00000,0x00007f43dac00000],  sp=0x00007f43dabfe380,  free space=2040k
Native frames: (J=compiled Java code, j=interpreted, Vv=VM code, C=native code)
V  [libjvm.so+0x972714]  JVMCIRuntime::fatal_exception(JVMCIEnv*, char const*)+0x74
V  [libjvm.so+0x93e2fe]  JVMCIEnv::copy_saved_properties()+0x14e
V  [libjvm.so+0x9732a9]  JVMCIRuntime::initialize(JVMCIEnv*)+0xb19
V  [libjvm.so+0x9738a2]  JVMCIRuntime::get_HotSpotJVMCIRuntime(JVMCIEnv*)+0x12
V  [libjvm.so+0x9749f2]  JVMCIRuntime::compile_method(JVMCIEnv*, JVMCICompiler*, methodHandle const&, int)+0xd2
V  [libjvm.so+0x5b0d20]  CompileBroker::invoke_compiler_on_method(CompileTask*)+0x1470
V  [libjvm.so+0x5b12e8]  CompileBroker::compiler_thread_loop()+0x528
V  [libjvm.so+0xd82460]  JavaThread::thread_main_inner()+0xd0
V  [libjvm.so+0xd85a40]  Thread::call_run()+0xc0
V  [libjvm.so+0xbdb1e1]  thread_native_entry(Thread*)+0xe1

Register to memory mapping:

RAX=0x00007f43fb007000 points into unknown readable memory: 0x0000000000000058 | 58 00 00 00 00 00 00 00
RBX=0x00007f43fc102398: <offset 0x0000000000ef5398> in /nix/store/gpxl5qgg8kicmcvivwmybwjlpf7wh20l-graalvm17-ce-22.3.0/lib/server/libjvm.so at 0x00007f43fb20d000
RCX=0x00007f43fc0ba1e8: <offset 0x0000000000ead1e8> in /nix/store/gpxl5qgg8kicmcvivwmybwjlpf7wh20l-graalvm17-ce-22.3.0/lib/server/libjvm.so at 0x00007f43fb20d000
RDX=0x0000000000000649 is an unknown value
RSP=0x00007f43dabfe380 is pointing into the stack for thread: 0x00007f43f4114d60
RBP=0x00007f43dabfe3a0 is pointing into the stack for thread: 0x00007f43f4114d60
RSI=0x00007f43fc102c48: <offset 0x0000000000ef5c48> in /nix/store/gpxl5qgg8kicmcvivwmybwjlpf7wh20l-graalvm17-ce-22.3.0/lib/server/libjvm.so at 0x00007f43fb20d000
RDI=0x00000000e0000000 is an oop: java.lang.String 
{0x00000000e0000000} - klass: 'java/lang/String'
 - string: "null"
R8 =0x00007f43fc102398: <offset 0x0000000000ef5398> in /nix/store/gpxl5qgg8kicmcvivwmybwjlpf7wh20l-graalvm17-ce-22.3.0/lib/server/libjvm.so at 0x00007f43fb20d000
R9 =0x0000000000000003 is an unknown value
R10=0x00007f43fc453da0: <offset 0x0000000001246da0> in /nix/store/gpxl5qgg8kicmcvivwmybwjlpf7wh20l-graalvm17-ce-22.3.0/lib/server/libjvm.so at 0x00007f43fb20d000
R11=0x000000080044f048 is pointing into metadata
R12=0x0 is NULL
R13=0x00007f43f4114d60 is a thread
R14=0x00007f43f4000b80 points into unknown readable memory: 0x00007f43fc333a38 | 38 3a 33 fc 43 7f 00 00
R15=0x00007f43fc441e40: <offset 0x0000000001234e40> in /nix/store/gpxl5qgg8kicmcvivwmybwjlpf7wh20l-graalvm17-ce-22.3.0/lib/server/libjvm.so at 0x00007f43fb20d000


Registers:
RAX=0x00007f43fb007000, RBX=0x00007f43fc102398, RCX=0x00007f43fc0ba1e8, RDX=0x0000000000000649
RSP=0x00007f43dabfe380, RBP=0x00007f43dabfe3a0, RSI=0x00007f43fc102c48, RDI=0x00000000e0000000
R8 =0x00007f43fc102398, R9 =0x0000000000000003, R10=0x00007f43fc453da0, R11=0x000000080044f048
R12=0x0000000000000000, R13=0x00007f43f4114d60, R14=0x00007f43f4000b80, R15=0x00007f43fc441e40
RIP=0x00007f43fbb7f714, EFLAGS=0x0000000000010206, CSGSFS=0x002b000000000033, ERR=0x0000000000000006
  TRAPNO=0x000000000000000e

Top of Stack: (sp=0x00007f43dabfe380)
0x00007f43dabfe380:   00007f43dabfe940 00007f43f4114d60
0x00007f43dabfe390:   00007f43f999a110 0000000800c419d8
0x00007f43dabfe3a0:   00007f43dabfe500 00007f43fbb4b2fe
0x00007f43dabfe3b0:   00007f43dabfe3e0 00007f43dabfe440 

Instructions: (pc=0x00007f43fbb7f714)
0x00007f43fbb7f614:   30 e8 f6 cf e8 ff 4c 89 e7 e8 2e 48 d1 ff 84 db
0x00007f43fbb7f624:   75 2a 4d 85 ed 74 04 4d 8b 6d 00 48 83 c4 08 44
0x00007f43fbb7f634:   89 f9 4c 89 f2 4c 89 ee 5b 4c 89 e7 41 5c 41 5d
0x00007f43fbb7f644:   41 5e 41 5f 5d e9 e2 47 d1 ff 66 90 48 83 c4 08
0x00007f43fbb7f654:   5b 41 5c 41 5d 41 5e 41 5f 5d c3 90 31 d2 be 08
0x00007f43fbb7f664:   00 00 00 4c 89 ff e8 b1 78 a3 ff 49 89 c5 e9 37
0x00007f43fbb7f674:   ff ff ff 66 0f 1f 84 00 00 00 00 00 48 8b 7a 08
0x00007f43fbb7f684:   e9 6d ff ff ff 0f 1f 80 00 00 00 00 e8 5b 48 0a
0x00007f43fbb7f694:   00 84 c0 75 89 e9 6a ff ff ff 66 90 55 48 89 e5
0x00007f43fbb7f6a4:   41 56 41 55 41 54 49 89 fc 53 48 89 f3 66 48 8d
0x00007f43fbb7f6b4:   3d 27 5e 85 00 66 66 48 e8 df 43 8d ff 4c 8b 28
0x00007f43fbb7f6c4:   8b 05 be 72 8a 00 85 c0 75 14 ba 01 00 00 00 48
0x00007f43fbb7f6d4:   8d 0d ae 72 8a 00 f0 0f b1 11 85 c0 74 4e be c8
0x00007f43fbb7f6e4:   00 00 00 4c 89 ef e8 01 0b 41 00 48 8d 05 12 ac
0x00007f43fbb7f6f4:   85 00 49 89 d8 48 8d 0d e8 aa 53 00 ba 49 06 00
0x00007f43fbb7f704:   00 48 8d 35 3c 35 58 00 bf 00 00 00 e0 48 8b 00
0x00007f43fbb7f714:   c6 00 58 31 c0 e8 e2 91 c6 ff 5b 41 5c 41 5d 41
0x00007f43fbb7f724:   5e 5d e9 55 34 26 00 0f 1f 44 00 00 48 8d 05 81
0x00007f43fbb7f734:   a3 8b 00 48 89 df 4c 8b 30 e8 9e 43 8d ff 48 89
0x00007f43fbb7f744:   de 48 89 c2 49 8b 06 4c 89 f7 ff 50 08 4c 89 f7
0x00007f43fbb7f754:   e8 a7 5c 27 00 4d 85 e4 74 12 be 01 00 00 00 4c
0x00007f43fbb7f764:   89 e7 e8 35 43 fc ff eb 82 0f 1f 00 be 01 00 00
0x00007f43fbb7f774:   00 4c 89 ef e8 d3 fd ff ff e9 6d ff ff ff 66 66
0x00007f43fbb7f784:   2e 0f 1f 84 00 00 00 00 00 0f 1f 00 55 48 89 e5
0x00007f43fbb7f794:   41 57 41 56 41 55 41 54 53 48 81 ec 08 02 00 00
0x00007f43fbb7f7a4:   64 48 8b 04 25 28 00 00 00 48 89 45 c8 8b 07 83
0x00007f43fbb7f7b4:   f8 02 0f 84 11 04 00 00 4c 8b 6f 18 49 89 ff 49
0x00007f43fbb7f7c4:   89 f4 4d 85 ed 74 14 4c 89 ef e8 5d 57 22 00 41
0x00007f43fbb7f7d4:   8b 07 83 f8 02 0f 84 19 04 00 00 48 8d 1d 9a 06
0x00007f43fbb7f7e4:   8a 00 4c 8d 35 0b 3c 58 00 eb 38 90 48 85 d2 7f
0x00007f43fbb7f7f4:   0d 48 8d 05 b4 c0 85 00 48 83 38 00 7e 0e 41 8b
0x00007f43fbb7f804:   77 2c 4c 89 f7 31 c0 e8 a0 b2 f7 ff 49 8b 7f 18 


Stack slot to memory mapping:
stack at sp + 0 slots: 0x00007f43dabfe940 is pointing into the stack for thread: 0x00007f43f4114d60
stack at sp + 1 slots: 0x00007f43f4114d60 is a thread
stack at sp + 2 slots: 0x00007f43f999a110 points into unknown readable memory: 0x657300188909ffff | ff ff 09 89 18 00 73 65
stack at sp + 3 slots: 0x0000000800c419d8 is a pointer to class: 
jdk.vm.ci.services.Services {0x0000000800c419d8}
 - instance size:     2
 - klass size:        65
 - access:            public final synchronized 
 - state:             fully_initialized
 - name:              'jdk/vm/ci/services/Services'
 - super:             'java/lang/Object'
 - sub:               
 - arrays:            NULL
 - methods:           Array<T>(0x00007f43dac49520)
 - method ordering:   Array<T>(0x0000000800928960)
 - default_methods:   Array<T>(0x0000000000000000)
 - local interfaces:  Array<T>(0x00000008005ce810)
 - trans. interfaces: Array<T>(0x00000008005ce810)
 - constants:         constant pool [427] {0x00007f43dac48600} for 'jdk/vm/ci/services/Services' cache=0x00007f43dac4c0a8
 - class loader data:  loader data: 0x00007f43f4027b90 of 'bootstrap'
 - source file:       'Services.java'
 - class annotations:       Array<T>(0x0000000000000000)
 - class type annotations:  Array<T>(0x0000000000000000)
 - field annotations:       Array<T>(0x0000000000000000)
 - field type annotations:  Array<T>(0x0000000000000000)
 - inner classes:     Array<T>(0x00007f43dac4a7c0)
 - nest members:     Array<T>(0x00007f43dac4a7e0)
 - permitted subclasses:     Array<T>(0x00000008005ce7a0)
 - java mirror:       a 'java/lang/Class'{0x00000000e03d8a80} = 'jdk/vm/ci/services/Services'
 - vtable length      5  (start addr: 0x0000000800c41ba8)
 - itable length      2 (start addr: 0x0000000800c41bd0)
 - ---- static fields (3 words):
 - public static final 'IS_BUILDING_NATIVE_IMAGE' 'Z' @128 
 - public static final 'IS_IN_NATIVE_IMAGE' 'Z' @129 
 - private static volatile 'savedProperties' 'Ljava/util/Map;' @112 
 - static final 'JVMCI_ENABLED' 'Z' @130 
 - private static final 'servicesCache' 'Ljava/util/Map;' @116 
 - private static final 'MAX_UNICODE_IN_UTF8_LENGTH' 'I' @120 
 - private static final 'MAX_UTF8_PROPERTY_STRING_LENGTH' 'I' @124 
 - ---- non-static fields (0 words):
 - non-static oop maps: 
stack at sp + 4 slots: 0x00007f43dabfe500 is pointing into the stack for thread: 0x00007f43f4114d60
stack at sp + 5 slots: 0x00007f43fbb4b2fe: <offset 0x000000000093e2fe> in /nix/store/gpxl5qgg8kicmcvivwmybwjlpf7wh20l-graalvm17-ce-22.3.0/lib/server/libjvm.so at 0x00007f43fb20d000
stack at sp + 6 slots: 0x00007f43dabfe3e0 is pointing into the stack for thread: 0x00007f43f4114d60
stack at sp + 7 slots: 0x00007f43dabfe440 is pointing into the stack for thread: 0x00007f43f4114d60


---------------  P R O C E S S  ---------------

Threads class SMR info:
_java_thread_list=0x00007f435c000b70, length=28, elements={
0x00007f43f4025e30, 0x00007f43f4109050, 0x00007f43f410a490, 0x00007f43f4110bd0,
0x00007f43f4111f80, 0x00007f43f4113370, 0x00007f43f4114d60, 0x00007f43f4116270,
0x00007f43f41176c0, 0x00007f43f414aad0, 0x00007f43f4193030, 0x00007f43f43abb70,
0x00007f43f43d59e0, 0x00007f436c005260, 0x00007f43f43d7680, 0x00007f436402efe0,
0x00007f43643ecb30, 0x00007f43540010d0, 0x00007f43645d89d0, 0x00007f4364723ee0,
0x00007f43f4425750, 0x00007f43f44b9030, 0x00007f435400e120, 0x00007f4334000ff0,
0x00007f433c3e0b10, 0x00007f433c3e19a0, 0x00007f433c3e81c0, 0x00007f4324001dd0
}

Java Threads: ( => current thread )
  0x00007f43f4025e30 JavaThread "main" [_thread_blocked, id=78, stack(0x00007f43fb028000,0x00007f43fb128000)]
  0x00007f43f4109050 JavaThread "Reference Handler" daemon [_thread_blocked, id=81, stack(0x00007f43f8737000,0x00007f43f8837000)]
  0x00007f43f410a490 JavaThread "Finalizer" daemon [_thread_blocked, id=82, stack(0x00007f43f8637000,0x00007f43f8737000)]
  0x00007f43f4110bd0 JavaThread "Signal Dispatcher" daemon [_thread_blocked, id=83, stack(0x00007f43f8251000,0x00007f43f8351000)]
  0x00007f43f4111f80 JavaThread "Service Thread" daemon [_thread_blocked, id=84, stack(0x00007f43f8151000,0x00007f43f8251000)]
  0x00007f43f4113370 JavaThread "Monitor Deflation Thread" daemon [_thread_blocked, id=85, stack(0x00007f43f8051000,0x00007f43f8151000)]
=>0x00007f43f4114d60 JavaThread "JVMCI-native CompilerThread0" daemon [_thread_in_vm, id=86, stack(0x00007f43daa00000,0x00007f43dac00000)]
  0x00007f43f4116270 JavaThread "C1 CompilerThread0" daemon [_thread_blocked, id=87, stack(0x00007f43da800000,0x00007f43daa00000)]
  0x00007f43f41176c0 JavaThread "Sweeper thread" daemon [_thread_blocked, id=88, stack(0x00007f43da700000,0x00007f43da800000)]
  0x00007f43f414aad0 JavaThread "Common-Cleaner" daemon [_thread_blocked, id=89, stack(0x00007f43da600000,0x00007f43da700000)]
  0x00007f43f4193030 JavaThread "Notification Thread" daemon [_thread_blocked, id=91, stack(0x00007f43da300000,0x00007f43da400000)]
  0x00007f43f43abb70 JavaThread "Active Thread: Equinox Container: d4a92d94-86c7-4139-b2a6-5fabc925594f" [_thread_blocked, id=112, stack(0x00007f43d8700000,0x00007f43d8800000)]
  0x00007f43f43d59e0 JavaThread "Refresh Thread: Equinox Container: d4a92d94-86c7-4139-b2a6-5fabc925594f" daemon [_thread_blocked, id=113, stack(0x00007f43d8500000,0x00007f43d8600000)]
  0x00007f436c005260 JavaThread "Framework Event Dispatcher: Equinox Container: d4a92d94-86c7-4139-b2a6-5fabc925594f" daemon [_thread_blocked, id=114, stack(0x00007f43d8300000,0x00007f43d8400000)]
  0x00007f43f43d7680 JavaThread "Start Level: Equinox Container: d4a92d94-86c7-4139-b2a6-5fabc925594f" daemon [_thread_blocked, id=115, stack(0x00007f43d8100000,0x00007f43d8200000)]
  0x00007f436402efe0 JavaThread "SCR Component Actor" daemon [_thread_blocked, id=116, stack(0x00007f43a1b00000,0x00007f43a1c00000)]
  0x00007f43643ecb30 JavaThread "Worker-JM" [_thread_blocked, id=118, stack(0x00007f43a1700000,0x00007f43a1800000)]
  0x00007f43540010d0 JavaThread "Worker-1" [_thread_blocked, id=120, stack(0x00007f43a1300000,0x00007f43a1400000)]
  0x00007f43645d89d0 JavaThread "Java indexing" daemon [_thread_blocked, id=121, stack(0x00007f43a1100000,0x00007f43a1200000)]
  0x00007f4364723ee0 JavaThread "Bundle File Closer" daemon [_thread_blocked, id=122, stack(0x00007f43a0f00000,0x00007f43a1000000)]
  0x00007f43f4425750 JavaThread "pool-3-thread-1" [_thread_blocked, id=131, stack(0x00007f43a0d00000,0x00007f43a0e00000)]
  0x00007f43f44b9030 JavaThread "pool-2-thread-1" [_thread_blocked, id=132, stack(0x00007f43a0b00000,0x00007f43a0c00000)]
  0x00007f435400e120 JavaThread "Worker-3" [_thread_blocked, id=136, stack(0x00007f43a0500000,0x00007f43a0600000)]
  0x00007f4334000ff0 JavaThread "Worker-4: Java indexing... " [_thread_blocked, id=137, stack(0x00007f43a0300000,0x00007f43a0400000)]
  0x00007f433c3e0b10 JavaThread "OkHttp repo.maven.apache.org" [_thread_in_native, id=144, stack(0x00007f43a0100000,0x00007f43a0200000)]
  0x00007f433c3e19a0 JavaThread "OkHttp ConnectionPool" daemon [_thread_blocked, id=145, stack(0x00007f439bf00000,0x00007f439c000000)]
  0x00007f433c3e81c0 JavaThread "Okio Watchdog" daemon [_thread_blocked, id=146, stack(0x00007f439bd00000,0x00007f439be00000)]
  0x00007f4324001dd0 JavaThread "OkHttp repo.maven.apache.org Writer" [_thread_blocked, id=147, stack(0x00007f439bb00000,0x00007f439bc00000)]

Other Threads:
  0x00007f43f4104790 VMThread "VM Thread" [stack: 0x00007f43f8839000,0x00007f43f8939000] [id=80] _threads_hazard_ptr=0x00007f435c000b70
  0x00007f43f41949d0 WatcherThread [stack: 0x00007f43da200000,0x00007f43da300000] [id=92]
  0x00007f43f403d740 GCTaskThread "GC Thread#0" [stack: 0x00007f43fabec000,0x00007f43facec000] [id=79]
  0x00007f43cc0012b0 GCTaskThread "GC Thread#1" [stack: 0x00007f439b500000,0x00007f439b600000] [id=109]
  0x00007f43cc002c70 GCTaskThread "GC Thread#2" [stack: 0x00007f439b3fe000,0x00007f439b4fe000] [id=110]
  0x00007f43cc003670 GCTaskThread "GC Thread#3" [stack: 0x00007f439b2fc000,0x00007f439b3fc000] [id=111]

Threads with active compile tasks:
JVMCI-native CompilerThread0   109454 8643       4       java.util.jar.Manifest::getAttributes (14 bytes)

VM state: synchronizing (normal execution)

VM Mutex/Monitor currently owned by a thread:  ([mutex/lock_event])
[0x00007f43f4022f80] Threads_lock - owner thread: 0x00007f43f4104790
[0x00007f43f4023730] Heap_lock - owner thread: 0x00007f43f44b9030

OutOfMemory and StackOverflow Exception counts:
OutOfMemoryError java_heap_errors=2
LinkageErrors=64

Heap address: 0x00000000e0000000, size: 512 MB, Compressed Oops mode: 32-bit

CDS archive(s) mapped at: [0x0000000800000000-0x0000000800bc8000-0x0000000800bc8000), size 12353536, SharedBaseAddress: 0x0000000800000000, ArchiveRelocationMode: 0.
Compressed class space mapped at: 0x0000000800c00000-0x0000000840c00000, reserved size: 1073741824
Narrow klass base: 0x0000000800000000, Narrow klass shift: 0, Narrow klass range: 0x100000000

GC Precious Log:
 CPUs: 8 total, 4 available
 Memory: 8192M
 Large Page Support: Disabled
 NUMA Support: Disabled
 Compressed Oops: Enabled (32-bit)
 Alignments: Space 512K, Generation 512K, Heap 2M
 Heap Min Capacity: 100M
 Heap Initial Capacity: 100M
 Heap Max Capacity: 512M
 Pre-touch: Disabled
 Parallel Workers: 4

Heap:
 PSYoungGen      total 20480K, used 15360K [0x00000000f5580000, 0x00000000f6f80000, 0x0000000100000000)
  eden space 15360K, 100% used [0x00000000f5580000,0x00000000f6480000,0x00000000f6480000)
  from space 5120K, 0% used [0x00000000f6980000,0x00000000f6980000,0x00000000f6e80000)
  to   space 5120K, 0% used [0x00000000f6480000,0x00000000f6480000,0x00000000f6980000)
 ParOldGen       total 349696K, used 349695K [0x00000000e0000000, 0x00000000f5580000, 0x00000000f5580000)
  object space 349696K, 99% used [0x00000000e0000000,0x00000000f557fdd8,0x00000000f5580000)
 Metaspace       used 56529K, committed 57664K, reserved 1105920K
  class space    used 5544K, committed 5952K, reserved 1048576K

Card table byte_map: [0x00007f43facec000,0x00007f43faded000] _byte_map_base: 0x00007f43fa5ec000

Marking Bits: (ParMarkBitMap*) 0x00007f43fc43b4c0
 Begin Bits: [0x00007f43f9b3f000, 0x00007f43fa33f000)
 End Bits:   [0x00007f43fa33f000, 0x00007f43fab3f000)

Polling page: 0x00007f43fb005000

Metaspace:

Usage:
  Non-class:     49.79 MB used.
      Class:      5.41 MB used.
       Both:     55.20 MB used.

Virtual space:
  Non-class space:       56.00 MB reserved,      50.50 MB ( 90%) committed,  7 nodes.
      Class space:        1.00 GB reserved,       5.81 MB ( <1%) committed,  1 nodes.
             Both:        1.05 GB reserved,      56.31 MB (  5%) committed. 

Chunk freelists:
   Non-Class:  1.70 MB
       Class:  2.20 MB
        Both:  3.90 MB

MaxMetaspaceSize: unlimited
CompressedClassSpaceSize: 1.00 GB
Initial GC threshold: 21.00 MB
Current GC threshold: 93.75 MB
CDS: on
MetaspaceReclaimPolicy: balanced
 - commit_granule_bytes: 65536.
 - commit_granule_words: 8192.
 - virtual_space_node_default_size: 1048576.
 - enlarge_chunks_in_place: 1.
 - new_chunks_are_fully_committed: 0.
 - uncommit_free_chunks: 1.
 - use_allocation_guard: 0.
 - handle_deallocations: 1.


Internal statistics:

num_allocs_failed_limit: 6.
num_arena_births: 472.
num_arena_deaths: 148.
num_vsnodes_births: 8.
num_vsnodes_deaths: 0.
num_space_committed: 900.
num_space_uncommitted: 0.
num_chunks_returned_to_freelist: 210.
num_chunks_taken_from_freelist: 2632.
num_chunk_merges: 88.
num_chunk_splits: 1728.
num_chunks_enlarged: 1102.
num_purges: 2.
num_inconsistent_stats: 0.

CodeHeap 'non-profiled nmethods': size=119752Kb used=2680Kb max_used=2711Kb free=117071Kb
 bounds [0x00007f43e2fc1000, 0x00007f43e3271000, 0x00007f43ea4b3000]
CodeHeap 'profiled nmethods': size=119752Kb used=14833Kb max_used=16262Kb free=104918Kb
 bounds [0x00007f43dbacf000, 0x00007f43dcabf000, 0x00007f43e2fc1000]
CodeHeap 'non-nmethods': size=6256Kb used=1374Kb max_used=1956Kb free=4881Kb
 bounds [0x00007f43db4b3000, 0x00007f43db723000, 0x00007f43dbacf000]
 total_blobs=7853 nmethods=7153 adapters=612
 compilation: enabled
              stopped_count=0, restarted_count=0
 full_count=0

JVMCI Events (20 events):
Event: 15.178 Thread 0x00007f43f4114d60 compacted oop handles in JVMCI runtime 0 from 95 to 95
Event: 15.178 Thread 0x00007f43f4114d60 releasing handles for JVMCI runtime 0: oop handles=95, metadata handles={total=1088, live=978, blocks=34}
Event: 15.178 Thread 0x00007f43f4114d60 detached from JVMCI runtime 0
Event: 69.169 Thread 0x00007f43f4114d60 attached to JVMCI runtime 0
Event: 69.171 Thread 0x00007f43f4114d60 created JavaVM[2]@0x00007f4328e9e340 for JVMCI runtime 0
Event: 69.494 Thread 0x00007f43f4114d60 initializing JVMCI runtime 0
Event: 69.494 Thread 0x00007f43f4114d60 done waiting for JavaVM references initialization in JVMCI runtime 0
Event: 73.753 Thread 0x00007f43f4114d60 initialized JVMCI runtime 0
Event: 89.248 Thread 0x00007f43f4114d60 compacted oop handles in JVMCI runtime 0 from 60 to 54
Event: 90.261 Thread 0x00007f43f4114d60 detaching from JVMCI runtime 0: releasing idle compiler thread (0 other threads still attached)
Event: 90.261 Thread 0x00007f43f4114d60 shutting down HotSpotJVMCIRuntime for JVMCI runtime 0
Event: 90.261 Thread 0x00007f43f4114d60 shut down JVMCI runtime 0
Event: 90.630 Thread 0x00007f43f4114d60 destroyed JavaVM[2]@0x00007f4328e9e340 for JVMCI runtime 0
Event: 90.630 Thread 0x00007f43f4114d60 compacted oop handles in JVMCI runtime 0 from 54 to 54
Event: 90.630 Thread 0x00007f43f4114d60 releasing handles for JVMCI runtime 0: oop handles=54, metadata handles={total=96, live=92, blocks=34}
Event: 90.630 Thread 0x00007f43f4114d60 detached from JVMCI runtime 0
Event: 98.159 Thread 0x00007f43f4114d60 attached to JVMCI runtime 0
Event: 98.162 Thread 0x00007f43f4114d60 created JavaVM[3]@0x00007f4328e9e340 for JVMCI runtime 0
Event: 98.532 Thread 0x00007f43f4114d60 initializing JVMCI runtime 0
Event: 98.532 Thread 0x00007f43f4114d60 done waiting for JavaVM references initialization in JVMCI runtime 0

Compilation events (20 events):
Event: 35.530 Thread 0x00007f43f4116270 nmethod 8633 0x00007f43dbc12d90 code [0x00007f43dbc12f80, 0x00007f43dbc13540]
Event: 69.169 Thread 0x00007f43f4114d60 8634       4       java.lang.String::<init> (830 bytes)
Event: 69.788 Thread 0x00007f43f4116270 8635       3       org.eclipse.core.internal.jobs.JobManager::lifeTimeInMs (19 bytes)
Event: 69.788 Thread 0x00007f43f4116270 nmethod 8635 0x00007f43dbcc7110 code [0x00007f43dbcc72c0, 0x00007f43dbcc74d0]
Event: 69.788 Thread 0x00007f43f4116270 8636       3       org.eclipse.core.internal.jobs.JobManager::now (16 bytes)
Event: 70.018 Thread 0x00007f43f4116270 nmethod 8636 0x00007f43dbba5d10 code [0x00007f43dbba5f00, 0x00007f43dbba62f0]
Event: 70.243 Thread 0x00007f43f4116270 8637       3       org.eclipse.core.internal.jobs.JobManager$$Lambda$129/0x0000000800d4f4d0::applyAsLong (9 bytes)
Event: 70.494 Thread 0x00007f43f4116270 nmethod 8637 0x00007f43dbc25a10 code [0x00007f43dbc25bc0, 0x00007f43dbc25e20]
Event: 70.494 Thread 0x00007f43f4116270 8638       3       org.eclipse.core.internal.jobs.JobManager::lambda$0 (9 bytes)
Event: 70.494 Thread 0x00007f43f4116270 nmethod 8638 0x00007f43dbeaf090 code [0x00007f43dbeaf240, 0x00007f43dbeaf420]
Event: 70.494 Thread 0x00007f43f4116270 8639       3       java.util.concurrent.atomic.AtomicLong::weakCompareAndSetVolatile (13 bytes)
Event: 71.279 Thread 0x00007f43f4116270 nmethod 8639 0x00007f43dbb56390 code [0x00007f43dbb56540, 0x00007f43dbb566a0]
Event: 72.945 Thread 0x00007f43f4116270 8640       3       java.util.IdentityHashMap$KeyIterator::next (13 bytes)
Event: 73.752 Thread 0x00007f43f4116270 nmethod 8640 0x00007f43dbc93110 code [0x00007f43dbc932c0, 0x00007f43dbc936c0]
Event: 73.752 Thread 0x00007f43f4116270 8641       3       java.util.IdentityHashMap$IdentityHashMapIterator::nextIndex (72 bytes)
Event: 73.753 Thread 0x00007f43f4116270 nmethod 8641 0x00007f43dbaf3b10 code [0x00007f43dbaf3ce0, 0x00007f43dbaf41c0]
Event: 73.753 Thread 0x00007f43f4116270 8642       3       java.util.IdentityHashMap::unmaskNull (13 bytes)
Event: 73.753 Thread 0x00007f43f4116270 nmethod 8642 0x00007f43dbdabb90 code [0x00007f43dbdabd20, 0x00007f43dbdabe70]
Event: 89.248 Thread 0x00007f43f4114d60 nmethod 8634 0x00007f43e314a990 code [0x00007f43e314aba0, 0x00007f43e314b960]
Event: 98.159 Thread 0x00007f43f4114d60 8643       4       java.util.jar.Manifest::getAttributes (14 bytes)

GC Heap History (20 events):
Event: 106.747 GC heap before
{Heap before GC invocations=457 (full 332):
 PSYoungGen      total 20480K, used 15359K [0x00000000f5580000, 0x00000000f6f80000, 0x0000000100000000)
  eden space 15360K, 99% used [0x00000000f5580000,0x00000000f647fff8,0x00000000f6480000)
  from space 5120K, 0% used [0x00000000f6980000,0x00000000f6980000,0x00000000f6e80000)
  to   space 5120K, 0% used [0x00000000f6480000,0x00000000f6480000,0x00000000f6980000)
 ParOldGen       total 349696K, used 349691K [0x00000000e0000000, 0x00000000f5580000, 0x00000000f5580000)
  object space 349696K, 99% used [0x00000000e0000000,0x00000000f557eed0,0x00000000f5580000)
 Metaspace       used 56529K, committed 57664K, reserved 1105920K
  class space    used 5544K, committed 5952K, reserved 1048576K
}
Event: 107.030 GC heap after
{Heap after GC invocations=457 (full 332):
 PSYoungGen      total 20480K, used 15359K [0x00000000f5580000, 0x00000000f6f80000, 0x0000000100000000)
  eden space 15360K, 99% used [0x00000000f5580000,0x00000000f647ffe0,0x00000000f6480000)
  from space 5120K, 0% used [0x00000000f6480000,0x00000000f6480000,0x00000000f6980000)
  to   space 5120K, 0% used [0x00000000f6980000,0x00000000f6980000,0x00000000f6e80000)
 ParOldGen       total 349696K, used 349691K [0x00000000e0000000, 0x00000000f5580000, 0x00000000f5580000)
  object space 349696K, 99% used [0x00000000e0000000,0x00000000f557ec68,0x00000000f5580000)
 Metaspace       used 56529K, committed 57664K, reserved 1105920K
  class space    used 5544K, committed 5952K, reserved 1048576K
}
Event: 107.030 GC heap before
{Heap before GC invocations=458 (full 333):
 PSYoungGen      total 20480K, used 15359K [0x00000000f5580000, 0x00000000f6f80000, 0x0000000100000000)
  eden space 15360K, 99% used [0x00000000f5580000,0x00000000f647fff8,0x00000000f6480000)
  from space 5120K, 0% used [0x00000000f6480000,0x00000000f6480000,0x00000000f6980000)
  to   space 5120K, 0% used [0x00000000f6980000,0x00000000f6980000,0x00000000f6e80000)
 ParOldGen       total 349696K, used 349691K [0x00000000e0000000, 0x00000000f5580000, 0x00000000f5580000)
  object space 349696K, 99% used [0x00000000e0000000,0x00000000f557ec68,0x00000000f5580000)
 Metaspace       used 56529K, committed 57664K, reserved 1105920K
  class space    used 5544K, committed 5952K, reserved 1048576K
}
Event: 107.265 GC heap after
{Heap after GC invocations=458 (full 333):
 PSYoungGen      total 20480K, used 15359K [0x00000000f5580000, 0x00000000f6f80000, 0x0000000100000000)
  eden space 15360K, 99% used [0x00000000f5580000,0x00000000f647fff8,0x00000000f6480000)
  from space 5120K, 0% used [0x00000000f6980000,0x00000000f6980000,0x00000000f6e80000)
  to   space 5120K, 0% used [0x00000000f6480000,0x00000000f6480000,0x00000000f6980000)
 ParOldGen       total 349696K, used 349691K [0x00000000e0000000, 0x00000000f5580000, 0x00000000f5580000)
  object space 349696K, 99% used [0x00000000e0000000,0x00000000f557ec68,0x00000000f5580000)
 Metaspace       used 56529K, committed 57664K, reserved 1105920K
  class space    used 5544K, committed 5952K, reserved 1048576K
}
Event: 107.265 GC heap before
{Heap before GC invocations=459 (full 334):
 PSYoungGen      total 20480K, used 15359K [0x00000000f5580000, 0x00000000f6f80000, 0x0000000100000000)
  eden space 15360K, 99% used [0x00000000f5580000,0x00000000f647fff8,0x00000000f6480000)
  from space 5120K, 0% used [0x00000000f6980000,0x00000000f6980000,0x00000000f6e80000)
  to   space 5120K, 0% used [0x00000000f6480000,0x00000000f6480000,0x00000000f6980000)
 ParOldGen       total 349696K, used 349692K [0x00000000e0000000, 0x00000000f5580000, 0x00000000f5580000)
  object space 349696K, 99% used [0x00000000e0000000,0x00000000f557f308,0x00000000f5580000)
 Metaspace       used 56529K, committed 57664K, reserved 1105920K
  class space    used 5544K, committed 5952K, reserved 1048576K
}
Event: 107.506 GC heap after
{Heap after GC invocations=459 (full 334):
 PSYoungGen      total 20480K, used 15359K [0x00000000f5580000, 0x00000000f6f80000, 0x0000000100000000)
  eden space 15360K, 99% used [0x00000000f5580000,0x00000000f647fff8,0x00000000f6480000)
  from space 5120K, 0% used [0x00000000f6480000,0x00000000f6480000,0x00000000f6980000)
  to   space 5120K, 0% used [0x00000000f6980000,0x00000000f6980000,0x00000000f6e80000)
 ParOldGen       total 349696K, used 349692K [0x00000000e0000000, 0x00000000f5580000, 0x00000000f5580000)
  object space 349696K, 99% used [0x00000000e0000000,0x00000000f557f2a8,0x00000000f5580000)
 Metaspace       used 56529K, committed 57664K, reserved 1105920K
  class space    used 5544K, committed 5952K, reserved 1048576K
}
Event: 107.506 GC heap before
{Heap before GC invocations=460 (full 335):
 PSYoungGen      total 20480K, used 15359K [0x00000000f5580000, 0x00000000f6f80000, 0x0000000100000000)
  eden space 15360K, 99% used [0x00000000f5580000,0x00000000f647fff8,0x00000000f6480000)
  from space 5120K, 0% used [0x00000000f6480000,0x00000000f6480000,0x00000000f6980000)
  to   space 5120K, 0% used [0x00000000f6980000,0x00000000f6980000,0x00000000f6e80000)
 ParOldGen       total 349696K, used 349694K [0x00000000e0000000, 0x00000000f5580000, 0x00000000f5580000)
  object space 349696K, 99% used [0x00000000e0000000,0x00000000f557fb50,0x00000000f5580000)
 Metaspace       used 56529K, committed 57664K, reserved 1105920K
  class space    used 5544K, committed 5952K, reserved 1048576K
}
Event: 107.765 GC heap after
{Heap after GC invocations=460 (full 335):
 PSYoungGen      total 20480K, used 15359K [0x00000000f5580000, 0x00000000f6f80000, 0x0000000100000000)
  eden space 15360K, 99% used [0x00000000f5580000,0x00000000f647ffc8,0x00000000f6480000)
  from space 5120K, 0% used [0x00000000f6980000,0x00000000f6980000,0x00000000f6e80000)
  to   space 5120K, 0% used [0x00000000f6480000,0x00000000f6480000,0x00000000f6980000)
 ParOldGen       total 349696K, used 349694K [0x00000000e0000000, 0x00000000f5580000, 0x00000000f5580000)
  object space 349696K, 99% used [0x00000000e0000000,0x00000000f557f910,0x00000000f5580000)
 Metaspace       used 56529K, committed 57664K, reserved 1105920K
  class space    used 5544K, committed 5952K, reserved 1048576K
}
Event: 107.766 GC heap before
{Heap before GC invocations=461 (full 336):
 PSYoungGen      total 20480K, used 15359K [0x00000000f5580000, 0x00000000f6f80000, 0x0000000100000000)
  eden space 15360K, 99% used [0x00000000f5580000,0x00000000f647ffe0,0x00000000f6480000)
  from space 5120K, 0% used [0x00000000f6980000,0x00000000f6980000,0x00000000f6e80000)
  to   space 5120K, 0% used [0x00000000f6480000,0x00000000f6480000,0x00000000f6980000)
 ParOldGen       total 349696K, used 349694K [0x00000000e0000000, 0x00000000f5580000, 0x00000000f5580000)
  object space 349696K, 99% used [0x00000000e0000000,0x00000000f557f910,0x00000000f5580000)
 Metaspace       used 56529K, committed 57664K, reserved 1105920K
  class space    used 5544K, committed 5952K, reserved 1048576K
}
Event: 108.006 GC heap after
{Heap after GC invocations=461 (full 336):
 PSYoungGen      total 20480K, used 15359K [0x00000000f5580000, 0x00000000f6f80000, 0x0000000100000000)
  eden space 15360K, 99% used [0x00000000f5580000,0x00000000f647ffc8,0x00000000f6480000)
  from space 5120K, 0% used [0x00000000f6480000,0x00000000f6480000,0x00000000f6980000)
  to   space 5120K, 0% used [0x00000000f6980000,0x00000000f6980000,0x00000000f6e80000)
 ParOldGen       total 349696K, used 349694K [0x00000000e0000000, 0x00000000f5580000, 0x00000000f5580000)
  object space 349696K, 99% used [0x00000000e0000000,0x00000000f557f828,0x00000000f5580000)
 Metaspace       used 56529K, committed 57664K, reserved 1105920K
  class space    used 5544K, committed 5952K, reserved 1048576K
}
Event: 108.006 GC heap before
{Heap before GC invocations=462 (full 337):
 PSYoungGen      total 20480K, used 15360K [0x00000000f5580000, 0x00000000f6f80000, 0x0000000100000000)
  eden space 15360K, 100% used [0x00000000f5580000,0x00000000f6480000,0x00000000f6480000)
  from space 5120K, 0% used [0x00000000f6480000,0x00000000f6480000,0x00000000f6980000)
  to   space 5120K, 0% used [0x00000000f6980000,0x00000000f6980000,0x00000000f6e80000)
 ParOldGen       total 349696K, used 349694K [0x00000000e0000000, 0x00000000f5580000, 0x00000000f5580000)
  object space 349696K, 99% used [0x00000000e0000000,0x00000000f557f828,0x00000000f5580000)
 Metaspace       used 56529K, committed 57664K, reserved 1105920K
  class space    used 5544K, committed 5952K, reserved 1048576K
}
Event: 108.258 GC heap after
{Heap after GC invocations=462 (full 337):
 PSYoungGen      total 20480K, used 15359K [0x00000000f5580000, 0x00000000f6f80000, 0x0000000100000000)
  eden space 15360K, 99% used [0x00000000f5580000,0x00000000f647fff0,0x00000000f6480000)
  from space 5120K, 0% used [0x00000000f6980000,0x00000000f6980000,0x00000000f6e80000)
  to   space 5120K, 0% used [0x00000000f6480000,0x00000000f6480000,0x00000000f6980000)
 ParOldGen       total 349696K, used 349693K [0x00000000e0000000, 0x00000000f5580000, 0x00000000f5580000)
  object space 349696K, 99% used [0x00000000e0000000,0x00000000f557f7f0,0x00000000f5580000)
 Metaspace       used 56529K, committed 57664K, reserved 1105920K
  class space    used 5544K, committed 5952K, reserved 1048576K
}
Event: 108.259 GC heap before
{Heap before GC invocations=463 (full 338):
 PSYoungGen      total 20480K, used 15360K [0x00000000f5580000, 0x00000000f6f80000, 0x0000000100000000)
  eden space 15360K, 100% used [0x00000000f5580000,0x00000000f6480000,0x00000000f6480000)
  from space 5120K, 0% used [0x00000000f6980000,0x00000000f6980000,0x00000000f6e80000)
  to   space 5120K, 0% used [0x00000000f6480000,0x00000000f6480000,0x00000000f6980000)
 ParOldGen       total 349696K, used 349695K [0x00000000e0000000, 0x00000000f5580000, 0x00000000f5580000)
  object space 349696K, 99% used [0x00000000e0000000,0x00000000f557fcf0,0x00000000f5580000)
 Metaspace       used 56529K, committed 57664K, reserved 1105920K
  class space    used 5544K, committed 5952K, reserved 1048576K
}
Event: 108.530 GC heap after
{Heap after GC invocations=463 (full 338):
 PSYoungGen      total 20480K, used 15360K [0x00000000f5580000, 0x00000000f6f80000, 0x0000000100000000)
  eden space 15360K, 100% used [0x00000000f5580000,0x00000000f6480000,0x00000000f6480000)
  from space 5120K, 0% used [0x00000000f6480000,0x00000000f6480000,0x00000000f6980000)
  to   space 5120K, 0% used [0x00000000f6980000,0x00000000f6980000,0x00000000f6e80000)
 ParOldGen       total 349696K, used 349694K [0x00000000e0000000, 0x00000000f5580000, 0x00000000f5580000)
  object space 349696K, 99% used [0x00000000e0000000,0x00000000f557fbb0,0x00000000f5580000)
 Metaspace       used 56529K, committed 57664K, reserved 1105920K
  class space    used 5544K, committed 5952K, reserved 1048576K
}
Event: 108.530 GC heap before
{Heap before GC invocations=464 (full 339):
 PSYoungGen      total 20480K, used 15360K [0x00000000f5580000, 0x00000000f6f80000, 0x0000000100000000)
  eden space 15360K, 100% used [0x00000000f5580000,0x00000000f6480000,0x00000000f6480000)
  from space 5120K, 0% used [0x00000000f6480000,0x00000000f6480000,0x00000000f6980000)
  to   space 5120K, 0% used [0x00000000f6980000,0x00000000f6980000,0x00000000f6e80000)
 ParOldGen       total 349696K, used 349694K [0x00000000e0000000, 0x00000000f5580000, 0x00000000f5580000)
  object space 349696K, 99% used [0x00000000e0000000,0x00000000f557fbb0,0x00000000f5580000)
 Metaspace       used 56529K, committed 57664K, reserved 1105920K
  class space    used 5544K, committed 5952K, reserved 1048576K
}
Event: 108.806 GC heap after
{Heap after GC invocations=464 (full 339):
 PSYoungGen      total 20480K, used 15360K [0x00000000f5580000, 0x00000000f6f80000, 0x0000000100000000)
  eden space 15360K, 100% used [0x00000000f5580000,0x00000000f6480000,0x00000000f6480000)
  from space 5120K, 0% used [0x00000000f6980000,0x00000000f6980000,0x00000000f6e80000)
  to   space 5120K, 0% used [0x00000000f6480000,0x00000000f6480000,0x00000000f6980000)
 ParOldGen       total 349696K, used 349694K [0x00000000e0000000, 0x00000000f5580000, 0x00000000f5580000)
  object space 349696K, 99% used [0x00000000e0000000,0x00000000f557fbb0,0x00000000f5580000)
 Metaspace       used 56529K, committed 57664K, reserved 1105920K
  class space    used 5544K, committed 5952K, reserved 1048576K
}
Event: 108.807 GC heap before
{Heap before GC invocations=465 (full 340):
 PSYoungGen      total 20480K, used 15360K [0x00000000f5580000, 0x00000000f6f80000, 0x0000000100000000)
  eden space 15360K, 100% used [0x00000000f5580000,0x00000000f6480000,0x00000000f6480000)
  from space 5120K, 0% used [0x00000000f6980000,0x00000000f6980000,0x00000000f6e80000)
  to   space 5120K, 0% used [0x00000000f6480000,0x00000000f6480000,0x00000000f6980000)
 ParOldGen       total 349696K, used 349695K [0x00000000e0000000, 0x00000000f5580000, 0x00000000f5580000)
  object space 349696K, 99% used [0x00000000e0000000,0x00000000f557fcc0,0x00000000f5580000)
 Metaspace       used 56529K, committed 57664K, reserved 1105920K
  class space    used 5544K, committed 5952K, reserved 1048576K
}
Event: 109.102 GC heap after
{Heap after GC invocations=465 (full 340):
 PSYoungGen      total 20480K, used 15360K [0x00000000f5580000, 0x00000000f6f80000, 0x0000000100000000)
  eden space 15360K, 100% used [0x00000000f5580000,0x00000000f6480000,0x00000000f6480000)
  from space 5120K, 0% used [0x00000000f6480000,0x00000000f6480000,0x00000000f6980000)
  to   space 5120K, 0% used [0x00000000f6980000,0x00000000f6980000,0x00000000f6e80000)
 ParOldGen       total 349696K, used 349693K [0x00000000e0000000, 0x00000000f5580000, 0x00000000f5580000)
  object space 349696K, 99% used [0x00000000e0000000,0x00000000f557f6d0,0x00000000f5580000)
 Metaspace       used 56529K, committed 57664K, reserved 1105920K
  class space    used 5544K, committed 5952K, reserved 1048576K
}
Event: 109.102 GC heap before
{Heap before GC invocations=466 (full 341):
 PSYoungGen      total 20480K, used 15360K [0x00000000f5580000, 0x00000000f6f80000, 0x0000000100000000)
  eden space 15360K, 100% used [0x00000000f5580000,0x00000000f6480000,0x00000000f6480000)
  from space 5120K, 0% used [0x00000000f6480000,0x00000000f6480000,0x00000000f6980000)
  to   space 5120K, 0% used [0x00000000f6980000,0x00000000f6980000,0x00000000f6e80000)
 ParOldGen       total 349696K, used 349693K [0x00000000e0000000, 0x00000000f5580000, 0x00000000f5580000)
  object space 349696K, 99% used [0x00000000e0000000,0x00000000f557f6d0,0x00000000f5580000)
 Metaspace       used 56529K, committed 57664K, reserved 1105920K
  class space    used 5544K, committed 5952K, reserved 1048576K
}
Event: 109.400 GC heap after
{Heap after GC invocations=466 (full 341):
 PSYoungGen      total 20480K, used 15360K [0x00000000f5580000, 0x00000000f6f80000, 0x0000000100000000)
  eden space 15360K, 100% used [0x00000000f5580000,0x00000000f6480000,0x00000000f6480000)
  from space 5120K, 0% used [0x00000000f6980000,0x00000000f6980000,0x00000000f6e80000)
  to   space 5120K, 0% used [0x00000000f6480000,0x00000000f6480000,0x00000000f6980000)
 ParOldGen       total 349696K, used 349693K [0x00000000e0000000, 0x00000000f5580000, 0x00000000f5580000)
  object space 349696K, 99% used [0x00000000e0000000,0x00000000f557f6d0,0x00000000f5580000)
 Metaspace       used 56529K, committed 57664K, reserved 1105920K
  class space    used 5544K, committed 5952K, reserved 1048576K
}

Dll operation events (9 events):
Event: 0.002 Loaded shared library /nix/store/gpxl5qgg8kicmcvivwmybwjlpf7wh20l-graalvm17-ce-22.3.0/lib/libjava.so
Event: 0.010 Loaded shared library /nix/store/gpxl5qgg8kicmcvivwmybwjlpf7wh20l-graalvm17-ce-22.3.0/lib/libjsvml.so
Event: 0.074 Loaded shared library /nix/store/gpxl5qgg8kicmcvivwmybwjlpf7wh20l-graalvm17-ce-22.3.0/lib/libnio.so
Event: 0.076 Loaded shared library /nix/store/gpxl5qgg8kicmcvivwmybwjlpf7wh20l-graalvm17-ce-22.3.0/lib/libzip.so
Event: 0.079 Loaded shared library /nix/store/gpxl5qgg8kicmcvivwmybwjlpf7wh20l-graalvm17-ce-22.3.0/lib/libjvmcicompiler.so
Event: 0.155 Loaded shared library /nix/store/gpxl5qgg8kicmcvivwmybwjlpf7wh20l-graalvm17-ce-22.3.0/lib/libjimage.so
Event: 0.458 Loaded shared library /nix/store/gpxl5qgg8kicmcvivwmybwjlpf7wh20l-graalvm17-ce-22.3.0/lib/libnet.so
Event: 0.920 Loaded shared library /home/runner/Fishing-Game/.cache/jdt-language-server/config/org.eclipse.equinox.launcher/org.eclipse.equinox.launcher.gtk.linux.x86_64_1.2.400.v20211117-0650/eclipse_11600.so
Event: 2.643 Loaded shared library /nix/store/gpxl5qgg8kicmcvivwmybwjlpf7wh20l-graalvm17-ce-22.3.0/lib/libextnet.so

Deoptimization events (20 events):
Event: 13.597 Thread 0x00007f43645d89d0 DEOPT PACKING pc=0x00007f43dcab02dd sp=0x00007f43a11fe530
Event: 13.597 Thread 0x00007f43645d89d0 DEOPT UNPACKING pc=0x00007f43db505325 sp=0x00007f43a11fda20 mode 0
Event: 13.602 Thread 0x00007f43645d89d0 DEOPT PACKING pc=0x00007f43dcab02dd sp=0x00007f43a11fe530
Event: 13.602 Thread 0x00007f43645d89d0 DEOPT UNPACKING pc=0x00007f43db505325 sp=0x00007f43a11fda20 mode 0
Event: 13.605 Thread 0x00007f43645d89d0 DEOPT PACKING pc=0x00007f43dcab02dd sp=0x00007f43a11fe530
Event: 13.605 Thread 0x00007f43645d89d0 DEOPT UNPACKING pc=0x00007f43db505325 sp=0x00007f43a11fda20 mode 0
Event: 13.607 Thread 0x00007f43645d89d0 DEOPT PACKING pc=0x00007f43dcab02dd sp=0x00007f43a11fe530
Event: 13.607 Thread 0x00007f43645d89d0 DEOPT UNPACKING pc=0x00007f43db505325 sp=0x00007f43a11fda20 mode 0
Event: 13.614 Thread 0x00007f43645d89d0 DEOPT PACKING pc=0x00007f43dcab02dd sp=0x00007f43a11fe530
Event: 13.614 Thread 0x00007f43645d89d0 DEOPT UNPACKING pc=0x00007f43db505325 sp=0x00007f43a11fda20 mode 0
Event: 13.962 Thread 0x00007f43645d89d0 DEOPT PACKING pc=0x00007f43dcab02dd sp=0x00007f43a11fe530
Event: 13.962 Thread 0x00007f43645d89d0 DEOPT UNPACKING pc=0x00007f43db505325 sp=0x00007f43a11fda20 mode 0
Event: 39.811 Thread 0x00007f43f43abb70 Uncommon trap: trap_request=0xffffffcd fr.pc=0x00007f43e31fdde9 relative=0x0000000000000349
Event: 39.811 Thread 0x00007f43f43abb70 Uncommon trap: reason=intrinsic_or_type_checked_inlining action=reinterpret pc=0x00007f43e31fdde9 method=java.nio.channels.spi.AbstractInterruptibleChannel.close()V @ 11 jvmci
Event: 39.811 Thread 0x00007f43f43abb70 DEOPT PACKING pc=0x00007f43e31fdde9 sp=0x00007f43d87fe350
Event: 39.811 Thread 0x00007f43f43abb70 DEOPT UNPACKING pc=0x00007f43db505325 sp=0x00007f43d87fd7e0 mode 3
Event: 108.807 Thread 0x00007f43f4114d60 Uncommon trap: trap_request=0xffffff8f fr.pc=0x00007f43e307871b relative=0x000000000000017b
Event: 108.807 Thread 0x00007f43f4114d60 Uncommon trap: reason=constraint action=none pc=0x00007f43e307871b method=java.io.ByteArrayOutputStream.<init>(I)V @ 0 jvmci
Event: 108.807 Thread 0x00007f43f4114d60 DEOPT PACKING pc=0x00007f43e307871b sp=0x00007f43dabfe020
Event: 108.807 Thread 0x00007f43f4114d60 DEOPT UNPACKING pc=0x00007f43db505325 sp=0x00007f43dabfd4c8 mode 3

Classes unloaded (20 events):
Event: 14.952 Thread 0x00007f43f4104790 Unloading class 0x0000000800ea2000 'jdk/internal/reflect/GeneratedConstructorAccessor7'
Event: 14.952 Thread 0x00007f43f4104790 Unloading class 0x0000000800d99000 'java/lang/invoke/LambdaForm$MH+0x0000000800d99000'
Event: 14.952 Thread 0x00007f43f4104790 Unloading class 0x0000000800d98c00 'java/lang/invoke/LambdaForm$MH+0x0000000800d98c00'
Event: 14.952 Thread 0x00007f43f4104790 Unloading class 0x0000000800d98800 'java/lang/invoke/LambdaForm$MH+0x0000000800d98800'
Event: 14.952 Thread 0x00007f43f4104790 Unloading class 0x0000000800d98400 'java/lang/invoke/LambdaForm$MH+0x0000000800d98400'
Event: 14.952 Thread 0x00007f43f4104790 Unloading class 0x0000000800d98000 'jdk/internal/reflect/GeneratedConstructorAccessor3'
Event: 14.952 Thread 0x00007f43f4104790 Unloading class 0x0000000800d06800 'java/lang/invoke/LambdaForm$MH+0x0000000800d06800'
Event: 14.952 Thread 0x00007f43f4104790 Unloading class 0x0000000800d06000 'java/lang/invoke/LambdaForm$MH+0x0000000800d06000'
Event: 14.952 Thread 0x00007f43f4104790 Unloading class 0x0000000800d05c00 'java/lang/invoke/LambdaForm$MH+0x0000000800d05c00'
Event: 14.952 Thread 0x00007f43f4104790 Unloading class 0x0000000800d05800 'java/lang/invoke/LambdaForm$MH+0x0000000800d05800'
Event: 14.952 Thread 0x00007f43f4104790 Unloading class 0x0000000800d05000 'java/lang/invoke/LambdaForm$MH+0x0000000800d05000'
Event: 14.952 Thread 0x00007f43f4104790 Unloading class 0x0000000800d04c00 'java/lang/invoke/LambdaForm$MH+0x0000000800d04c00'
Event: 14.952 Thread 0x00007f43f4104790 Unloading class 0x0000000800d04800 'java/lang/invoke/LambdaForm$MH+0x0000000800d04800'
Event: 14.952 Thread 0x00007f43f4104790 Unloading class 0x0000000800d04000 'java/lang/invoke/LambdaForm$MH+0x0000000800d04000'
Event: 14.952 Thread 0x00007f43f4104790 Unloading class 0x0000000800c85000 'jdk/internal/reflect/GeneratedMethodAccessor5'
Event: 14.952 Thread 0x00007f43f4104790 Unloading class 0x0000000800c84c00 'jdk/internal/reflect/GeneratedMethodAccessor4'
Event: 14.952 Thread 0x00007f43f4104790 Unloading class 0x0000000800c84800 'jdk/internal/reflect/GeneratedMethodAccessor3'
Event: 14.952 Thread 0x00007f43f4104790 Unloading class 0x0000000800c84400 'jdk/internal/reflect/GeneratedMethodAccessor2'
Event: 14.952 Thread 0x00007f43f4104790 Unloading class 0x0000000800c84000 'jdk/internal/reflect/GeneratedMethodAccessor1'
Event: 14.952 Thread 0x00007f43f4104790 Unloading class 0x0000000800c01c00 'java/lang/invoke/LambdaForm$DMH+0x0000000800c01c00'

Classes redefined (0 events):
No events

Internal exceptions (20 events):
Event: 5.747 Thread 0x00007f4354006400 Exception <a 'java/lang/NoSuchMethodError'{0x00000000f59506f0}: static Lorg/eclipse/m2e/core/internal/lifecyclemapping/model/PluginExecutionMetadata;.<clinit>()V> (0x00000000f59506f0) 
thrown [src/hotspot/share/prims/jni.cpp, line 1107]
Event: 5.749 Thread 0x00007f4354006400 Exception <a 'java/lang/NoSuchMethodError'{0x00000000f595d5d8}: static Lorg/eclipse/m2e/core/internal/lifecyclemapping/model/PluginExecutionFilter;.<clinit>()V> (0x00000000f595d5d8) 
thrown [src/hotspot/share/prims/jni.cpp, line 1107]
Event: 5.755 Thread 0x00007f4354006400 Exception <a 'sun/nio/fs/UnixException'{0x00000000f59d9728}> (0x00000000f59d9728) 
thrown [src/hotspot/share/prims/jni.cpp, line 516]
Event: 5.758 Thread 0x00007f4354006400 Exception <a 'sun/nio/fs/UnixException'{0x00000000f5c1d700}> (0x00000000f5c1d700) 
thrown [src/hotspot/share/prims/jni.cpp, line 516]
Event: 5.760 Thread 0x00007f4354006400 Exception <a 'sun/nio/fs/UnixException'{0x00000000f5c95bc0}> (0x00000000f5c95bc0) 
thrown [src/hotspot/share/prims/jni.cpp, line 516]
Event: 5.960 Thread 0x00007f43f44b9030 Exception <a 'java/lang/NoSuchMethodError'{0x00000000f5a13bc0}: 'java.lang.Object java.lang.invoke.DirectMethodHandle$Holder.invokeInterface(java.lang.Object, java.lang.Object, java.lang.Object)'> (0x00000000f5a13bc0) 
thrown [src/hotspot/share/interpreter/linkResolver.cpp, line 758]
Event: 5.996 Thread 0x00007f435400e120 Exception <a 'java/lang/NoSuchMethodError'{0x00000000f55cf838}: static [Lorg/eclipse/core/runtime/IPath;.<clinit>()V> (0x00000000f55cf838) 
thrown [src/hotspot/share/prims/jni.cpp, line 1107]
Event: 6.006 Thread 0x00007f435400e120 Exception <a 'java/lang/NoSuchMethodError'{0x00000000f57f2c98}: static [J.<clinit>()V> (0x00000000f57f2c98) 
thrown [src/hotspot/share/prims/jni.cpp, line 1107]
Event: 6.510 Thread 0x00007f436444c8b0 Exception <a 'java/io/FileNotFoundException'{0x00000000f59a5610}> (0x00000000f59a5610) 
thrown [src/hotspot/share/prims/jni.cpp, line 516]
Event: 6.519 Thread 0x00007f436444c8b0 Exception <a 'java/lang/NoSuchMethodError'{0x00000000f5ba9350}: 'java.lang.Object java.lang.invoke.DirectMethodHandle$Holder.newInvokeSpecial(java.lang.Object, java.lang.Object, int, java.lang.Object, java.lang.Object)'> (0x00000000f5ba9350) 
thrown [src/hotspot/share/interpreter/linkResolver.cpp, line 758]
Event: 6.520 Thread 0x00007f436444c8b0 Exception <a 'java/lang/NoSuchMethodError'{0x00000000f5bad780}: 'java.lang.Object java.lang.invoke.DirectMethodHandle$Holder.invokeSpecial(java.lang.Object, java.lang.Object, java.lang.Object, int, java.lang.Object, java.lang.Object)'> (0x00000000f5bad780) 
thrown [src/hotspot/share/interpreter/linkResolver.cpp, line 758]
Event: 6.550 Thread 0x00007f436444c8b0 Exception <a 'java/lang/NoSuchMethodError'{0x00000000f5b54b10}: 'java.lang.Object java.lang.invoke.DirectMethodHandle$Holder.newInvokeSpecial(java.lang.Object, java.lang.Object, java.lang.Object, int, java.lang.Object)'> (0x00000000f5b54b10) 
thrown [src/hotspot/share/interpreter/linkResolver.cpp, line 758]
Event: 6.550 Thread 0x00007f436444c8b0 Exception <a 'java/lang/NoSuchMethodError'{0x00000000f5b58cc0}: 'java.lang.Object java.lang.invoke.DirectMethodHandle$Holder.invokeSpecial(java.lang.Object, java.lang.Object, java.lang.Object, java.lang.Object, int, java.lang.Object)'> (0x00000000f5b58cc0) 
thrown [src/hotspot/share/interpreter/linkResolver.cpp, line 758]
Event: 6.550 Thread 0x00007f436444c8b0 Exception <a 'java/lang/NoSuchMethodError'{0x00000000f5bad178}: 'java.lang.Object java.lang.invoke.Invokers$Holder.linkToTargetMethod(java.lang.Object, java.lang.Object, int, java.lang.Object, java.lang.Object)'> (0x00000000f5bad178) 
thrown [src/hotspot/share/interpreter/linkResolver.cpp, line 758]
Event: 6.930 Thread 0x00007f436444c8b0 Implicit null exception at 0x00007f43e30f1ae9 to 0x00007f43e30f1c9b
Event: 8.461 Thread 0x00007f43645d89d0 Implicit null exception at 0x00007f43e31cbf12 to 0x00007f43e31ce93d
Event: 9.725 Thread 0x00007f43645d89d0 Implicit null exception at 0x00007f43e31e1f15 to 0x00007f43e31e25fe
Event: 108.807 Thread 0x00007f43f4114d60 Exception <a 'java/lang/OutOfMemoryError'{0x00000000e04be0f8}> (0x00000000e04be0f8) 
thrown [src/hotspot/share/gc/shared/memAllocator.cpp, line 138]
Event: 108.807 Thread 0x00007f43f4114d60 Implicit null exception at 0x00007f43e30786d1 to 0x00007f43e3078700
Event: 109.400 Thread 0x00007f43f4114d60 Exception <a 'java/lang/OutOfMemoryError'{0x00000000e04bd5b8}> (0x00000000e04bd5b8) 
thrown [src/hotspot/share/gc/shared/memAllocator.cpp, line 136]

VM Operations (20 events):
Event: 106.246 Executing VM operation: ParallelGCFailedAllocation
Event: 106.511 Executing VM operation: ParallelGCFailedAllocation done
Event: 106.511 Executing VM operation: ParallelGCFailedAllocation
Event: 106.747 Executing VM operation: ParallelGCFailedAllocation done
Event: 106.747 Executing VM operation: ParallelGCFailedAllocation
Event: 107.030 Executing VM operation: ParallelGCFailedAllocation done
Event: 107.030 Executing VM operation: ParallelGCFailedAllocation
Event: 107.265 Executing VM operation: ParallelGCFailedAllocation done
Event: 107.265 Executing VM operation: ParallelGCFailedAllocation
Event: 107.506 Executing VM operation: ParallelGCFailedAllocation done
Event: 107.506 Executing VM operation: ParallelGCFailedAllocation
Event: 107.765 Executing VM operation: ParallelGCFailedAllocation done
Event: 107.766 Executing VM operation: ParallelGCFailedAllocation
Event: 108.006 Executing VM operation: ParallelGCFailedAllocation done
Event: 108.006 Executing VM operation: ParallelGCFailedAllocation
Event: 108.258 Executing VM operation: ParallelGCFailedAllocation done
Event: 108.258 Executing VM operation: ParallelGCFailedAllocation
Event: 108.806 Executing VM operation: ParallelGCFailedAllocation done
Event: 108.807 Executing VM operation: ParallelGCFailedAllocation
Event: 109.400 Executing VM operation: ParallelGCFailedAllocation done

Events (20 events):
Event: 14.040 Thread 0x00007f43f41176c0 flushing nmethod 0x00007f43dc8f3f10
Event: 14.040 Thread 0x00007f43f41176c0 flushing nmethod 0x00007f43dc8f4e90
Event: 14.040 Thread 0x00007f43f41176c0 flushing nmethod 0x00007f43dc8f5510
Event: 14.040 Thread 0x00007f43f41176c0 flushing nmethod 0x00007f43dc8f6510
Event: 14.040 Thread 0x00007f43f41176c0 flushing nmethod 0x00007f43dc8f6f90
Event: 14.040 Thread 0x00007f43f41176c0 flushing nmethod 0x00007f43dc8f7990
Event: 14.040 Thread 0x00007f43f41176c0 flushing nmethod 0x00007f43dc8f8590
Event: 14.040 Thread 0x00007f43f41176c0 flushing nmethod 0x00007f43dc8f8d90
Event: 14.040 Thread 0x00007f43f41176c0 flushing nmethod 0x00007f43dc8f9210
Event: 14.040 Thread 0x00007f43f41176c0 flushing nmethod 0x00007f43dc8fa290
Event: 14.040 Thread 0x00007f43f41176c0 flushing nmethod 0x00007f43dc8ff690
Event: 14.040 Thread 0x00007f43f41176c0 flushing nmethod 0x00007f43dc900090
Event: 14.040 Thread 0x00007f43f41176c0 flushing nmethod 0x00007f43dc914390
Event: 14.040 Thread 0x00007f43f41176c0 flushing nmethod 0x00007f43dc928210
Event: 14.040 Thread 0x00007f43f41176c0 flushing nmethod 0x00007f43dc944290
Event: 60.365 Thread 0x00007f43f428ba00 Thread exited: 0x00007f43f428ba00
Event: 66.135 Thread 0x00007f4324003080 Thread exited: 0x00007f4324003080
Event: 72.618 Thread 0x00007f436444c8b0 Thread exited: 0x00007f436444c8b0
Event: 72.945 Thread 0x00007f4354006400 Thread exited: 0x00007f4354006400
Event: 75.836 Thread 0x00007f43341515d0 Thread exited: 0x00007f43341515d0


Dynamic libraries:
e0000000-f2f00000 rw-p 00000000 00:00 0 
f2f00000-f6f80000 rw-p 00000000 00:00 0 
f6f80000-100000000 ---p 00000000 00:00 0 
800000000-800449000 rw-p 00001000 08:30 707969865                        /nix/store/gpxl5qgg8kicmcvivwmybwjlpf7wh20l-graalvm17-ce-22.3.0/lib/server/classes.jsa
800449000-800bc8000 r--p 0044a000 08:30 707969865                        /nix/store/gpxl5qgg8kicmcvivwmybwjlpf7wh20l-graalvm17-ce-22.3.0/lib/server/classes.jsa
800bc8000-800c00000 ---p 00000000 00:00 0 
800c00000-800c10000 rw-p 00000000 00:00 0 
800c10000-800c30000 rw-p 00000000 00:00 0 
800c30000-800cb0000 rw-p 00000000 00:00 0 
800cb0000-800cf0000 rw-p 00000000 00:00 0 
800cf0000-800db0000 rw-p 00000000 00:00 0 
800db0000-800df0000 rw-p 00000000 00:00 0 
800df0000-800eb0000 rw-p 00000000 00:00 0 
800eb0000-800f30000 rw-p 00000000 00:00 0 
800f30000-800f40000 ---p 00000000 00:00 0 
800f40000-8011e0000 rw-p 00000000 00:00 0 
8011e0000-840c00000 ---p 00000000 00:00 0 
555d8e1f7000-555d8e1f8000 r-xp 00000000 08:30 672029940                  /nix/store/gpxl5qgg8kicmcvivwmybwjlpf7wh20l-graalvm17-ce-22.3.0/bin/.java-wrapped
555d8e1f9000-555d8e1fa000 r--p 00001000 08:30 672029940                  /nix/store/gpxl5qgg8kicmcvivwmybwjlpf7wh20l-graalvm17-ce-22.3.0/bin/.java-wrapped
555d8e1fa000-555d8e1fb000 rw-p 00002000 08:30 672029940                  /nix/store/gpxl5qgg8kicmcvivwmybwjlpf7wh20l-graalvm17-ce-22.3.0/bin/.java-wrapped
555d8e1fb000-555d8e1fc000 rw-p 00004000 08:30 672029940                  /nix/store/gpxl5qgg8kicmcvivwmybwjlpf7wh20l-graalvm17-ce-22.3.0/bin/.java-wrapped
555d8e1fc000-555d8e1fd000 rw-p 00005000 08:30 672029940                  /nix/store/gpxl5qgg8kicmcvivwmybwjlpf7wh20l-graalvm17-ce-22.3.0/bin/.java-wrapped
555d8e213000-555d8e25b000 rw-p 00000000 00:00 0                          [heap]
7f430b800000-7f430ba80000 rw-p 00000000 00:00 0 
7f430ba80000-7f430c000000 ---p 00000000 00:00 0 
7f430c000000-7f430c021000 rw-p 00000000 00:00 0 
7f430c021000-7f4310000000 ---p 00000000 00:00 0 
7f4310000000-7f4310021000 rw-p 00000000 00:00 0 
7f4310021000-7f4314000000 ---p 00000000 00:00 0 
7f4314000000-7f4314021000 rw-p 00000000 00:00 0 
7f4314021000-7f4318000000 ---p 00000000 00:00 0 
7f4318000000-7f4318021000 rw-p 00000000 00:00 0 
7f4318021000-7f431c000000 ---p 00000000 00:00 0 
7f431c000000-7f431c021000 rw-p 00000000 00:00 0 
7f431c021000-7f4320000000 ---p 00000000 00:00 0 
7f4320000000-7f4320021000 rw-p 00000000 00:00 0 
7f4320021000-7f4324000000 ---p 00000000 00:00 0 
7f4324000000-7f4324021000 rw-p 00000000 00:00 0 
7f4324021000-7f4328000000 ---p 00000000 00:00 0 
7f4328200000-7f4328300000 ---p 00000000 00:00 0 
7f4328300000-7f43288af000 r--p 01122000 08:30 707802136                  /nix/store/gpxl5qgg8kicmcvivwmybwjlpf7wh20l-graalvm17-ce-22.3.0/lib/libjvmcicompiler.so
7f43288af000-7f4328a00000 r--p 00000000 00:00 0 
7f4328a00000-7f4328a3d000 rw-p 00000000 00:00 0 
7f4328a3d000-7f4328f5d000 rw-p 0185f000 08:30 707802136                  /nix/store/gpxl5qgg8kicmcvivwmybwjlpf7wh20l-graalvm17-ce-22.3.0/lib/libjvmcicompiler.so
7f4328f5d000-7f4329344000 r--p 01d7f000 08:30 707802136                  /nix/store/gpxl5qgg8kicmcvivwmybwjlpf7wh20l-graalvm17-ce-22.3.0/lib/libjvmcicompiler.so
7f4329400000-7f4329930000 rw-p 00000000 00:00 0 
7f4329930000-7f4329c00000 rw-p 00000000 00:00 0 
7f432a4b3000-7f4334000000 r--s 00000000 08:30 707804677                  /nix/store/gpxl5qgg8kicmcvivwmybwjlpf7wh20l-graalvm17-ce-22.3.0/lib/modules
7f4334000000-7f4334314000 rw-p 00000000 00:00 0 
7f4334314000-7f4338000000 ---p 00000000 00:00 0 
7f4338000000-7f4338021000 rw-p 00000000 00:00 0 
7f4338021000-7f433c000000 ---p 00000000 00:00 0 
7f433c000000-7f433c497000 rw-p 00000000 00:00 0 
7f433c497000-7f4340000000 ---p 00000000 00:00 0 
7f4340000000-7f4340021000 rw-p 00000000 00:00 0 
7f4340021000-7f4344000000 ---p 00000000 00:00 0 
7f4344000000-7f4344021000 rw-p 00000000 00:00 0 
7f4344021000-7f4348000000 ---p 00000000 00:00 0 
7f4348000000-7f4348174000 rw-p 00000000 00:00 0 
7f4348174000-7f434c000000 ---p 00000000 00:00 0 
7f434c000000-7f434c076000 rw-p 00000000 00:00 0 
7f434c076000-7f4350000000 ---p 00000000 00:00 0 
7f4350000000-7f4350021000 rw-p 00000000 00:00 0 
7f4350021000-7f4354000000 ---p 00000000 00:00 0 
7f4354000000-7f43541ce000 rw-p 00000000 00:00 0 
7f43541ce000-7f4358000000 ---p 00000000 00:00 0 
7f4358000000-7f4358117000 rw-p 00000000 00:00 0 
7f4358117000-7f435c000000 ---p 00000000 00:00 0 
7f435c000000-7f435c021000 rw-p 00000000 00:00 0 
7f435c021000-7f4360000000 ---p 00000000 00:00 0 
7f4360000000-7f4360021000 rw-p 00000000 00:00 0 
7f4360021000-7f4364000000 ---p 00000000 00:00 0 
7f4364000000-7f436486b000 rw-p 00000000 00:00 0 
7f436486b000-7f4368000000 ---p 00000000 00:00 0 
7f4368000000-7f4368021000 rw-p 00000000 00:00 0 
7f4368021000-7f436c000000 ---p 00000000 00:00 0 
7f436c000000-7f436c021000 rw-p 00000000 00:00 0 
7f436c021000-7f4370000000 ---p 00000000 00:00 0 
7f4370000000-7f4370021000 rw-p 00000000 00:00 0 
7f4370021000-7f4374000000 ---p 00000000 00:00 0 
7f4374000000-7f4374021000 rw-p 00000000 00:00 0 
7f4374021000-7f4378000000 ---p 00000000 00:00 0 
7f4378000000-7f4378021000 rw-p 00000000 00:00 0 
7f4378021000-7f437c000000 ---p 00000000 00:00 0 
7f437c000000-7f437c021000 rw-p 00000000 00:00 0 
7f437c021000-7f4380000000 ---p 00000000 00:00 0 
7f4380000000-7f4380021000 rw-p 00000000 00:00 0 
7f4380021000-7f4384000000 ---p 00000000 00:00 0 
7f4384000000-7f4384021000 rw-p 00000000 00:00 0 
7f4384021000-7f4388000000 ---p 00000000 00:00 0 
7f4388000000-7f4388021000 rw-p 00000000 00:00 0 
7f4388021000-7f438c000000 ---p 00000000 00:00 0 
7f438c000000-7f438c021000 rw-p 00000000 00:00 0 
7f438c021000-7f4390000000 ---p 00000000 00:00 0 
7f4390000000-7f4390021000 rw-p 00000000 00:00 0 
7f4390021000-7f4394000000 ---p 00000000 00:00 0 
7f4394000000-7f4394021000 rw-p 00000000 00:00 0 
7f4394021000-7f4398000000 ---p 00000000 00:00 0 
7f4398000000-7f43984f0000 rw-p 00000000 00:00 0 
7f43984f0000-7f43985f0000 rw-p 00000000 00:00 0 
7f43985f0000-7f43987f0000 rw-p 00000000 00:00 0 
7f43987f0000-7f43988f0000 rw-p 00000000 00:00 0 
7f43988f0000-7f4398930000 rw-p 00000000 00:00 0 
7f4398930000-7f4398970000 rw-p 00000000 00:00 0 
7f4398970000-7f4398af0000 rw-p 00000000 00:00 0 
7f4398af0000-7f4398bf0000 rw-p 00000000 00:00 0 
7f4398bf0000-7f4398ff0000 rw-p 00000000 00:00 0 
7f4398ff0000-7f4399000000 rw-p 00000000 00:00 0 
7f4399c00000-7f4399cf0000 rw-p 00000000 00:00 0 
7f4399cf0000-7f439a170000 rw-p 00000000 00:00 0 
7f439a170000-7f439a1f0000 rw-p 00000000 00:00 0 
7f439a1f0000-7f439a270000 rw-p 00000000 00:00 0 
7f439a270000-7f439a2f0000 rw-p 00000000 00:00 0 
7f439a2f0000-7f439a3f0000 rw-p 00000000 00:00 0 
7f439a3f0000-7f439a400000 rw-p 00000000 00:00 0 
7f439a800000-7f439a8f0000 rw-p 00000000 00:00 0 
7f439a8f0000-7f439a9f0000 rw-p 00000000 00:00 0 
7f439a9f0000-7f439af50000 rw-p 00000000 00:00 0 
7f439af50000-7f439af70000 rw-p 00000000 00:00 0 
7f439af70000-7f439b000000 rw-p 00000000 00:00 0 
7f439b000000-7f439b010000 r-xp 00000000 00:51b 299                       /home/runner/Fishing-Game/.cache/jdt-language-server/config/org.eclipse.equinox.launcher/org.eclipse.equinox.launcher.gtk.linux.x86_64_1.2.400.v20211117-0650/eclipse_11600.so
7f439b010000-7f439b20f000 ---p 00010000 00:51b 299                       /home/runner/Fishing-Game/.cache/jdt-language-server/config/org.eclipse.equinox.launcher/org.eclipse.equinox.launcher.gtk.linux.x86_64_1.2.400.v20211117-0650/eclipse_11600.so
7f439b20f000-7f439b210000 r--p 0000f000 00:51b 299                       /home/runner/Fishing-Game/.cache/jdt-language-server/config/org.eclipse.equinox.launcher/org.eclipse.equinox.launcher.gtk.linux.x86_64_1.2.400.v20211117-0650/eclipse_11600.so
7f439b210000-7f439b211000 rw-p 00010000 00:51b 299                       /home/runner/Fishing-Game/.cache/jdt-language-server/config/org.eclipse.equinox.launcher/org.eclipse.equinox.launcher.gtk.linux.x86_64_1.2.400.v20211117-0650/eclipse_11600.so
7f439b2fa000-7f439b2fb000 ---p 00000000 00:00 0 
7f439b2fb000-7f439b3fc000 rw-p 00000000 00:00 0 
7f439b3fc000-7f439b3fd000 ---p 00000000 00:00 0 
7f439b3fd000-7f439b4fe000 rw-p 00000000 00:00 0 
7f439b4fe000-7f439b4ff000 ---p 00000000 00:00 0 
7f439b4ff000-7f439b600000 rw-p 00000000 00:00 0 
7f439b700000-7f439b704000 ---p 00000000 00:00 0 
7f439b704000-7f439b800000 rw-p 00000000 00:00 0 
7f439b900000-7f439b904000 ---p 00000000 00:00 0 
7f439b904000-7f439ba00000 rw-p 00000000 00:00 0 
7f439ba00000-7f439ba04000 ---p 00000000 00:00 0 
7f439ba04000-7f439bb00000 rw-p 00000000 00:00 0 
7f439bb00000-7f439bb04000 ---p 00000000 00:00 0 
7f439bb04000-7f439bc00000 rw-p 00000000 00:00 0 
7f439bd00000-7f439bd04000 ---p 00000000 00:00 0 
7f439bd04000-7f439be00000 rw-p 00000000 00:00 0 
7f439bf00000-7f439bf04000 ---p 00000000 00:00 0 
7f439bf04000-7f439c000000 rw-p 00000000 00:00 0 
7f439c000000-7f439c021000 rw-p 00000000 00:00 0 
7f439c021000-7f43a0000000 ---p 00000000 00:00 0 
7f43a0100000-7f43a0104000 ---p 00000000 00:00 0 
7f43a0104000-7f43a0200000 rw-p 00000000 00:00 0 
7f43a0300000-7f43a0304000 ---p 00000000 00:00 0 
7f43a0304000-7f43a0400000 rw-p 00000000 00:00 0 
7f43a0500000-7f43a0504000 ---p 00000000 00:00 0 
7f43a0504000-7f43a0600000 rw-p 00000000 00:00 0 
7f43a0700000-7f43a0704000 ---p 00000000 00:00 0 
7f43a0704000-7f43a0800000 rw-p 00000000 00:00 0 
7f43a0900000-7f43a0904000 ---p 00000000 00:00 0 
7f43a0904000-7f43a0a00000 rw-p 00000000 00:00 0 
7f43a0b00000-7f43a0b04000 ---p 00000000 00:00 0 
7f43a0b04000-7f43a0c00000 rw-p 00000000 00:00 0 
7f43a0d00000-7f43a0d04000 ---p 00000000 00:00 0 
7f43a0d04000-7f43a0e00000 rw-p 00000000 00:00 0 
7f43a0f00000-7f43a0f04000 ---p 00000000 00:00 0 
7f43a0f04000-7f43a1000000 rw-p 00000000 00:00 0 
7f43a1100000-7f43a1104000 ---p 00000000 00:00 0 
7f43a1104000-7f43a1200000 rw-p 00000000 00:00 0 
7f43a1300000-7f43a1304000 ---p 00000000 00:00 0 
7f43a1304000-7f43a1400000 rw-p 00000000 00:00 0 
7f43a1500000-7f43a1504000 ---p 00000000 00:00 0 
7f43a1504000-7f43a1600000 rw-p 00000000 00:00 0 
7f43a1700000-7f43a1704000 ---p 00000000 00:00 0 
7f43a1704000-7f43a1800000 rw-p 00000000 00:00 0 
7f43a1900000-7f43a1904000 ---p 00000000 00:00 0 
7f43a1904000-7f43a1a00000 rw-p 00000000 00:00 0 
7f43a1b00000-7f43a1b04000 ---p 00000000 00:00 0 
7f43a1b04000-7f43a1c00000 rw-p 00000000 00:00 0 
7f43a1c00000-7f43a3d6a000 r-xp 00000000 08:30 707802136                  /nix/store/gpxl5qgg8kicmcvivwmybwjlpf7wh20l-graalvm17-ce-22.3.0/lib/libjvmcicompiler.so
7f43a3d6a000-7f43a3f69000 ---p 0216a000 08:30 707802136                  /nix/store/gpxl5qgg8kicmcvivwmybwjlpf7wh20l-graalvm17-ce-22.3.0/lib/libjvmcicompiler.so
7f43a3f69000-7f43a3f6a000 r--p 02169000 08:30 707802136                  /nix/store/gpxl5qgg8kicmcvivwmybwjlpf7wh20l-graalvm17-ce-22.3.0/lib/libjvmcicompiler.so
7f43a3f6a000-7f43a3f6c000 rw-p 0216a000 08:30 707802136                  /nix/store/gpxl5qgg8kicmcvivwmybwjlpf7wh20l-graalvm17-ce-22.3.0/lib/libjvmcicompiler.so
7f43a3f6c000-7f43a3f6d000 rw-p 00000000 00:00 0 
7f43a3f6d000-7f43a3f72000 rw-p 023c3000 08:30 707802136                  /nix/store/gpxl5qgg8kicmcvivwmybwjlpf7wh20l-graalvm17-ce-22.3.0/lib/libjvmcicompiler.so
7f43a4000000-7f43a4780000 rw-p 00000000 00:00 0 
7f43a4780000-7f43a8000000 ---p 00000000 00:00 0 
7f43a8000000-7f43a8021000 rw-p 00000000 00:00 0 
7f43a8021000-7f43ac000000 ---p 00000000 00:00 0 
7f43ac000000-7f43ac021000 rw-p 00000000 00:00 0 
7f43ac021000-7f43b0000000 ---p 00000000 00:00 0 
7f43b0000000-7f43b0021000 rw-p 00000000 00:00 0 
7f43b0021000-7f43b4000000 ---p 00000000 00:00 0 
7f43b4000000-7f43b40e6000 rw-p 00000000 00:00 0 
7f43b40e6000-7f43b8000000 ---p 00000000 00:00 0 
7f43b8000000-7f43b8606000 rw-p 00000000 00:00 0 
7f43b8606000-7f43bc000000 ---p 00000000 00:00 0 
7f43bc000000-7f43bc021000 rw-p 00000000 00:00 0 
7f43bc021000-7f43c0000000 ---p 00000000 00:00 0 
7f43c0000000-7f43c0021000 rw-p 00000000 00:00 0 
7f43c0021000-7f43c4000000 ---p 00000000 00:00 0 
7f43c4000000-7f43c4021000 rw-p 00000000 00:00 0 
7f43c4021000-7f43c8000000 ---p 00000000 00:00 0 
7f43c8000000-7f43c8021000 rw-p 00000000 00:00 0 
7f43c8021000-7f43cc000000 ---p 00000000 00:00 0 
7f43cc000000-7f43cc021000 rw-p 00000000 00:00 0 
7f43cc021000-7f43d0000000 ---p 00000000 00:00 0 
7f43d0000000-7f43d0021000 rw-p 00000000 00:00 0 
7f43d0021000-7f43d4000000 ---p 00000000 00:00 0 
7f43d4000000-7f43d4021000 rw-p 00000000 00:00 0 
7f43d4021000-7f43d8000000 ---p 00000000 00:00 0 
7f43d8100000-7f43d8104000 ---p 00000000 00:00 0 
7f43d8104000-7f43d8200000 rw-p 00000000 00:00 0 
7f43d8300000-7f43d8304000 ---p 00000000 00:00 0 
7f43d8304000-7f43d8400000 rw-p 00000000 00:00 0 
7f43d8500000-7f43d8504000 ---p 00000000 00:00 0 
7f43d8504000-7f43d8600000 rw-p 00000000 00:00 0 
7f43d8700000-7f43d8704000 ---p 00000000 00:00 0 
7f43d8704000-7f43d8800000 rw-p 00000000 00:00 0 
7f43d8900000-7f43d8904000 ---p 00000000 00:00 0 
7f43d8904000-7f43d8a00000 rw-p 00000000 00:00 0 
7f43d8b00000-7f43d8b04000 ---p 00000000 00:00 0 
7f43d8b04000-7f43d8c00000 rw-p 00000000 00:00 0 
7f43d8d00000-7f43d8d04000 ---p 00000000 00:00 0 
7f43d8d04000-7f43d8e00000 rw-p 00000000 00:00 0 
7f43d8f00000-7f43d8f04000 ---p 00000000 00:00 0 
7f43d8f04000-7f43d9000000 rw-p 00000000 00:00 0 
7f43d9c68000-7f43da100000 rw-p 00000000 00:00 0 
7f43da1fe000-7f43da1ff000 ---p 00000000 00:00 0 
7f43da1ff000-7f43da300000 rw-p 00000000 00:00 0 
7f43da300000-7f43da304000 ---p 00000000 00:00 0 
7f43da304000-7f43da400000 rw-p 00000000 00:00 0 
7f43da400000-7f43da404000 ---p 00000000 00:00 0 
7f43da404000-7f43da600000 rw-p 00000000 00:00 0 
7f43da600000-7f43da604000 ---p 00000000 00:00 0 
7f43da604000-7f43da700000 rw-p 00000000 00:00 0 
7f43da700000-7f43da704000 ---p 00000000 00:00 0 
7f43da704000-7f43da800000 rw-p 00000000 00:00 0 
7f43da800000-7f43da804000 ---p 00000000 00:00 0 
7f43da804000-7f43daa00000 rw-p 00000000 00:00 0 
7f43daa00000-7f43daa04000 ---p 00000000 00:00 0 
7f43daa04000-7f43daff0000 rw-p 00000000 00:00 0 
7f43daff0000-7f43db1f0000 rw-p 00000000 00:00 0 
7f43db1f0000-7f43db2f0000 rw-p 00000000 00:00 0 
7f43db2f0000-7f43db400000 rw-p 00000000 00:00 0 
7f43db491000-7f43db495000 ---p 00000000 00:00 0 
7f43db495000-7f43db4b3000 rw-p 00000000 00:00 0 
7f43db4b3000-7f43db723000 rwxp 00000000 00:00 0 
7f43db723000-7f43dbacf000 ---p 00000000 00:00 0 
7f43dbacf000-7f43dcabf000 rwxp 00000000 00:00 0 
7f43dcabf000-7f43e2fc1000 ---p 00000000 00:00 0 
7f43e2fc1000-7f43e3271000 rwxp 00000000 00:00 0 
7f43e3271000-7f43ea4b3000 ---p 00000000 00:00 0 
7f43ea4b3000-7f43f4000000 r--s 00000000 08:30 707804677                  /nix/store/gpxl5qgg8kicmcvivwmybwjlpf7wh20l-graalvm17-ce-22.3.0/lib/modules
7f43f4000000-7f43f44be000 rw-p 00000000 00:00 0 
7f43f44be000-7f43f8000000 ---p 00000000 00:00 0 
7f43f800b000-7f43f800d000 r-xp 00000000 08:30 707802113                  /nix/store/gpxl5qgg8kicmcvivwmybwjlpf7wh20l-graalvm17-ce-22.3.0/lib/libextnet.so
7f43f800d000-7f43f800e000 r--p 00001000 08:30 707802113                  /nix/store/gpxl5qgg8kicmcvivwmybwjlpf7wh20l-graalvm17-ce-22.3.0/lib/libextnet.so
7f43f800e000-7f43f800f000 rw-p 00002000 08:30 707802113                  /nix/store/gpxl5qgg8kicmcvivwmybwjlpf7wh20l-graalvm17-ce-22.3.0/lib/libextnet.so
7f43f800f000-7f43f8010000 rw-p 00004000 08:30 707802113                  /nix/store/gpxl5qgg8kicmcvivwmybwjlpf7wh20l-graalvm17-ce-22.3.0/lib/libextnet.so
7f43f8010000-7f43f8017000 r-xp 00000000 08:30 707804676                  /nix/store/gpxl5qgg8kicmcvivwmybwjlpf7wh20l-graalvm17-ce-22.3.0/lib/libzip.so
7f43f8017000-7f43f8018000 ---p 00007000 08:30 707804676                  /nix/store/gpxl5qgg8kicmcvivwmybwjlpf7wh20l-graalvm17-ce-22.3.0/lib/libzip.so
7f43f8018000-7f43f8019000 r--p 00007000 08:30 707804676                  /nix/store/gpxl5qgg8kicmcvivwmybwjlpf7wh20l-graalvm17-ce-22.3.0/lib/libzip.so
7f43f8019000-7f43f801a000 rw-p 00008000 08:30 707804676                  /nix/store/gpxl5qgg8kicmcvivwmybwjlpf7wh20l-graalvm17-ce-22.3.0/lib/libzip.so
7f43f801a000-7f43f801c000 rw-p 0000b000 08:30 707804676                  /nix/store/gpxl5qgg8kicmcvivwmybwjlpf7wh20l-graalvm17-ce-22.3.0/lib/libzip.so
7f43f801c000-7f43f8031000 r-xp 00000000 08:30 707804666                  /nix/store/gpxl5qgg8kicmcvivwmybwjlpf7wh20l-graalvm17-ce-22.3.0/lib/libnet.so
7f43f8031000-7f43f8032000 ---p 00015000 08:30 707804666                  /nix/store/gpxl5qgg8kicmcvivwmybwjlpf7wh20l-graalvm17-ce-22.3.0/lib/libnet.so
7f43f8032000-7f43f8033000 r--p 00015000 08:30 707804666                  /nix/store/gpxl5qgg8kicmcvivwmybwjlpf7wh20l-graalvm17-ce-22.3.0/lib/libnet.so
7f43f8033000-7f43f8034000 rw-p 00016000 08:30 707804666                  /nix/store/gpxl5qgg8kicmcvivwmybwjlpf7wh20l-graalvm17-ce-22.3.0/lib/libnet.so
7f43f8034000-7f43f8037000 rw-p 0001b000 08:30 707804666                  /nix/store/gpxl5qgg8kicmcvivwmybwjlpf7wh20l-graalvm17-ce-22.3.0/lib/libnet.so
7f43f8037000-7f43f804a000 r-xp 00000000 08:30 707804667                  /nix/store/gpxl5qgg8kicmcvivwmybwjlpf7wh20l-graalvm17-ce-22.3.0/lib/libnio.so
7f43f804a000-7f43f804b000 r--p 00012000 08:30 707804667                  /nix/store/gpxl5qgg8kicmcvivwmybwjlpf7wh20l-graalvm17-ce-22.3.0/lib/libnio.so
7f43f804b000-7f43f804c000 rw-p 00013000 08:30 707804667                  /nix/store/gpxl5qgg8kicmcvivwmybwjlpf7wh20l-graalvm17-ce-22.3.0/lib/libnio.so
7f43f804c000-7f43f8051000 rw-p 00019000 08:30 707804667                  /nix/store/gpxl5qgg8kicmcvivwmybwjlpf7wh20l-graalvm17-ce-22.3.0/lib/libnio.so
7f43f8051000-7f43f8055000 ---p 00000000 00:00 0 
7f43f8055000-7f43f8151000 rw-p 00000000 00:00 0 
7f43f8151000-7f43f8155000 ---p 00000000 00:00 0 
7f43f8155000-7f43f8251000 rw-p 00000000 00:00 0 
7f43f8251000-7f43f8255000 ---p 00000000 00:00 0 
7f43f8255000-7f43f8351000 rw-p 00000000 00:00 0 
7f43f8351000-7f43f8637000 r--p 00000000 fc:00 28444448                   /usr/lib/locale/locale-archive
7f43f8637000-7f43f863b000 ---p 00000000 00:00 0 
7f43f863b000-7f43f8737000 rw-p 00000000 00:00 0 
7f43f8737000-7f43f873b000 ---p 00000000 00:00 0 
7f43f873b000-7f43f8837000 rw-p 00000000 00:00 0 
7f43f8837000-7f43f8838000 ---p 00000000 00:00 0 
7f43f8838000-7f43f8939000 rw-p 00000000 00:00 0 
7f43f8939000-7f43f8a07000 r-xp 00000000 08:30 707802132                  /nix/store/gpxl5qgg8kicmcvivwmybwjlpf7wh20l-graalvm17-ce-22.3.0/lib/libjsvml.so
7f43f8a07000-7f43f8a08000 r--p 000cd000 08:30 707802132                  /nix/store/gpxl5qgg8kicmcvivwmybwjlpf7wh20l-graalvm17-ce-22.3.0/lib/libjsvml.so
7f43f8a08000-7f43f8a09000 rw-p 000ce000 08:30 707802132                  /nix/store/gpxl5qgg8kicmcvivwmybwjlpf7wh20l-graalvm17-ce-22.3.0/lib/libjsvml.so
7f43f8a09000-7f43fabea000 rw-p 00000000 00:00 0 
7f43fabea000-7f43fabeb000 ---p 00000000 00:00 0 
7f43fabeb000-7f43fad84000 rw-p 00000000 00:00 0 
7f43fad84000-7f43fada4000 rw-p 00000000 00:00 0 
7f43fada4000-7f43fadec000 ---p 00000000 00:00 0 
7f43fadec000-7f43fadf3000 rw-p 00000000 00:00 0 
7f43fadf3000-7f43faed7000 ---p 00000000 00:00 0 
7f43faed7000-7f43faef7000 rw-p 00000000 00:00 0 
7f43faef7000-7f43fafc1000 ---p 00000000 00:00 0 
7f43fafc1000-7f43fafc6000 rw-p 00000000 00:00 0 
7f43fafc6000-7f43fafce000 ---p 00000000 00:00 0 
7f43fafce000-7f43faff2000 r-xp 00000000 08:30 707802124                  /nix/store/gpxl5qgg8kicmcvivwmybwjlpf7wh20l-graalvm17-ce-22.3.0/lib/libjava.so
7f43faff2000-7f43faff3000 ---p 00024000 08:30 707802124                  /nix/store/gpxl5qgg8kicmcvivwmybwjlpf7wh20l-graalvm17-ce-22.3.0/lib/libjava.so
7f43faff3000-7f43faff4000 r--p 00024000 08:30 707802124                  /nix/store/gpxl5qgg8kicmcvivwmybwjlpf7wh20l-graalvm17-ce-22.3.0/lib/libjava.so
7f43faff4000-7f43faff5000 rw-p 00025000 08:30 707802124                  /nix/store/gpxl5qgg8kicmcvivwmybwjlpf7wh20l-graalvm17-ce-22.3.0/lib/libjava.so
7f43faff5000-7f43faff6000 rw-p 00000000 00:00 0 
7f43faff6000-7f43faffd000 rw-p 0002f000 08:30 707802124                  /nix/store/gpxl5qgg8kicmcvivwmybwjlpf7wh20l-graalvm17-ce-22.3.0/lib/libjava.so
7f43faffd000-7f43fb005000 rw-s 00000000 00:cf 389                        /tmp/hsperfdata_runner/43
7f43fb005000-7f43fb006000 ---p 00000000 00:00 0 
7f43fb006000-7f43fb007000 r--p 00000000 00:00 0 
7f43fb007000-7f43fb008000 rwxp 00000000 00:00 0 
7f43fb008000-7f43fb023000 r-xp 00000000 08:30 707802128                  /nix/store/gpxl5qgg8kicmcvivwmybwjlpf7wh20l-graalvm17-ce-22.3.0/lib/libjimage.so
7f43fb023000-7f43fb024000 ---p 0001b000 08:30 707802128                  /nix/store/gpxl5qgg8kicmcvivwmybwjlpf7wh20l-graalvm17-ce-22.3.0/lib/libjimage.so
7f43fb024000-7f43fb026000 r--p 0001b000 08:30 707802128                  /nix/store/gpxl5qgg8kicmcvivwmybwjlpf7wh20l-graalvm17-ce-22.3.0/lib/libjimage.so
7f43fb026000-7f43fb027000 rw-p 0001d000 08:30 707802128                  /nix/store/gpxl5qgg8kicmcvivwmybwjlpf7wh20l-graalvm17-ce-22.3.0/lib/libjimage.so
7f43fb027000-7f43fb028000 rw-p 00024000 08:30 707802128                  /nix/store/gpxl5qgg8kicmcvivwmybwjlpf7wh20l-graalvm17-ce-22.3.0/lib/libjimage.so
7f43fb028000-7f43fb02c000 ---p 00000000 00:00 0 
7f43fb02c000-7f43fb128000 rw-p 00000000 00:00 0 
7f43fb128000-7f43fb136000 r--p 00000000 08:30 600592023                  /nix/store/4nlgxhb09sdr51nc9hdm8az5b08vzkgx-glibc-2.35-163/lib/libm.so.6
7f43fb136000-7f43fb1a9000 r-xp 0000e000 08:30 600592023                  /nix/store/4nlgxhb09sdr51nc9hdm8az5b08vzkgx-glibc-2.35-163/lib/libm.so.6
7f43fb1a9000-7f43fb206000 r--p 00081000 08:30 600592023                  /nix/store/4nlgxhb09sdr51nc9hdm8az5b08vzkgx-glibc-2.35-163/lib/libm.so.6
7f43fb206000-7f43fb207000 r--p 000dd000 08:30 600592023                  /nix/store/4nlgxhb09sdr51nc9hdm8az5b08vzkgx-glibc-2.35-163/lib/libm.so.6
7f43fb207000-7f43fb208000 rw-p 000de000 08:30 600592023                  /nix/store/4nlgxhb09sdr51nc9hdm8az5b08vzkgx-glibc-2.35-163/lib/libm.so.6
7f43fb208000-7f43fb209000 r--p 00000000 08:30 600592042                  /nix/store/4nlgxhb09sdr51nc9hdm8az5b08vzkgx-glibc-2.35-163/lib/librt.so.1
7f43fb209000-7f43fb20a000 r-xp 00001000 08:30 600592042                  /nix/store/4nlgxhb09sdr51nc9hdm8az5b08vzkgx-glibc-2.35-163/lib/librt.so.1
7f43fb20a000-7f43fb20b000 r--p 00002000 08:30 600592042                  /nix/store/4nlgxhb09sdr51nc9hdm8az5b08vzkgx-glibc-2.35-163/lib/librt.so.1
7f43fb20b000-7f43fb20c000 r--p 00002000 08:30 600592042                  /nix/store/4nlgxhb09sdr51nc9hdm8az5b08vzkgx-glibc-2.35-163/lib/librt.so.1
7f43fb20c000-7f43fb20d000 rw-p 00003000 08:30 600592042                  /nix/store/4nlgxhb09sdr51nc9hdm8az5b08vzkgx-glibc-2.35-163/lib/librt.so.1
7f43fb20d000-7f43fc320000 r-xp 00000000 08:30 707972962                  /nix/store/gpxl5qgg8kicmcvivwmybwjlpf7wh20l-graalvm17-ce-22.3.0/lib/server/libjvm.so
7f43fc320000-7f43fc321000 ---p 01113000 08:30 707972962                  /nix/store/gpxl5qgg8kicmcvivwmybwjlpf7wh20l-graalvm17-ce-22.3.0/lib/server/libjvm.so
7f43fc321000-7f43fc3d6000 r--p 01113000 08:30 707972962                  /nix/store/gpxl5qgg8kicmcvivwmybwjlpf7wh20l-graalvm17-ce-22.3.0/lib/server/libjvm.so
7f43fc3d6000-7f43fc40a000 rw-p 011c8000 08:30 707972962                  /nix/store/gpxl5qgg8kicmcvivwmybwjlpf7wh20l-graalvm17-ce-22.3.0/lib/server/libjvm.so
7f43fc40a000-7f43fc466000 rw-p 00000000 00:00 0 
7f43fc466000-7f43fc48e000 r--p 00000000 08:30 600592014                  /nix/store/4nlgxhb09sdr51nc9hdm8az5b08vzkgx-glibc-2.35-163/lib/libc.so.6
7f43fc48e000-7f43fc604000 r-xp 00028000 08:30 600592014                  /nix/store/4nlgxhb09sdr51nc9hdm8az5b08vzkgx-glibc-2.35-163/lib/libc.so.6
7f43fc604000-7f43fc65c000 r--p 0019e000 08:30 600592014                  /nix/store/4nlgxhb09sdr51nc9hdm8az5b08vzkgx-glibc-2.35-163/lib/libc.so.6
7f43fc65c000-7f43fc660000 r--p 001f6000 08:30 600592014                  /nix/store/4nlgxhb09sdr51nc9hdm8az5b08vzkgx-glibc-2.35-163/lib/libc.so.6
7f43fc660000-7f43fc662000 rw-p 001fa000 08:30 600592014                  /nix/store/4nlgxhb09sdr51nc9hdm8az5b08vzkgx-glibc-2.35-163/lib/libc.so.6
7f43fc662000-7f43fc671000 rw-p 00000000 00:00 0 
7f43fc671000-7f43fc672000 r--p 00000000 08:30 600592019                  /nix/store/4nlgxhb09sdr51nc9hdm8az5b08vzkgx-glibc-2.35-163/lib/libdl.so.2
7f43fc672000-7f43fc673000 r-xp 00001000 08:30 600592019                  /nix/store/4nlgxhb09sdr51nc9hdm8az5b08vzkgx-glibc-2.35-163/lib/libdl.so.2
7f43fc673000-7f43fc674000 r--p 00002000 08:30 600592019                  /nix/store/4nlgxhb09sdr51nc9hdm8az5b08vzkgx-glibc-2.35-163/lib/libdl.so.2
7f43fc674000-7f43fc675000 r--p 00002000 08:30 600592019                  /nix/store/4nlgxhb09sdr51nc9hdm8az5b08vzkgx-glibc-2.35-163/lib/libdl.so.2
7f43fc675000-7f43fc676000 rw-p 00003000 08:30 600592019                  /nix/store/4nlgxhb09sdr51nc9hdm8az5b08vzkgx-glibc-2.35-163/lib/libdl.so.2
7f43fc676000-7f43fc677000 r--p 00000000 08:30 600592038                  /nix/store/4nlgxhb09sdr51nc9hdm8az5b08vzkgx-glibc-2.35-163/lib/libpthread.so.0
7f43fc677000-7f43fc678000 r-xp 00001000 08:30 600592038                  /nix/store/4nlgxhb09sdr51nc9hdm8az5b08vzkgx-glibc-2.35-163/lib/libpthread.so.0
7f43fc678000-7f43fc679000 r--p 00002000 08:30 600592038                  /nix/store/4nlgxhb09sdr51nc9hdm8az5b08vzkgx-glibc-2.35-163/lib/libpthread.so.0
7f43fc679000-7f43fc67a000 r--p 00002000 08:30 600592038                  /nix/store/4nlgxhb09sdr51nc9hdm8az5b08vzkgx-glibc-2.35-163/lib/libpthread.so.0
7f43fc67a000-7f43fc67b000 rw-p 00003000 08:30 600592038                  /nix/store/4nlgxhb09sdr51nc9hdm8az5b08vzkgx-glibc-2.35-163/lib/libpthread.so.0
7f43fc67b000-7f43fc689000 r-xp 00000000 08:30 707802129                  /nix/store/gpxl5qgg8kicmcvivwmybwjlpf7wh20l-graalvm17-ce-22.3.0/lib/libjli.so
7f43fc689000-7f43fc68a000 ---p 0000e000 08:30 707802129                  /nix/store/gpxl5qgg8kicmcvivwmybwjlpf7wh20l-graalvm17-ce-22.3.0/lib/libjli.so
7f43fc68a000-7f43fc68b000 r--p 0000e000 08:30 707802129                  /nix/store/gpxl5qgg8kicmcvivwmybwjlpf7wh20l-graalvm17-ce-22.3.0/lib/libjli.so
7f43fc68b000-7f43fc68c000 rw-p 0000f000 08:30 707802129                  /nix/store/gpxl5qgg8kicmcvivwmybwjlpf7wh20l-graalvm17-ce-22.3.0/lib/libjli.so
7f43fc68c000-7f43fc68d000 rw-p 00012000 08:30 707802129                  /nix/store/gpxl5qgg8kicmcvivwmybwjlpf7wh20l-graalvm17-ce-22.3.0/lib/libjli.so
7f43fc68d000-7f43fc690000 r--p 00000000 08:30 678822167                  /nix/store/026hln0aq1hyshaxsdvhg0kmcm6yf45r-zlib-1.2.13/lib/libz.so.1.2.13
7f43fc690000-7f43fc6a2000 r-xp 00003000 08:30 678822167                  /nix/store/026hln0aq1hyshaxsdvhg0kmcm6yf45r-zlib-1.2.13/lib/libz.so.1.2.13
7f43fc6a2000-7f43fc6a9000 r--p 00015000 08:30 678822167                  /nix/store/026hln0aq1hyshaxsdvhg0kmcm6yf45r-zlib-1.2.13/lib/libz.so.1.2.13
7f43fc6a9000-7f43fc6aa000 r--p 0001b000 08:30 678822167                  /nix/store/026hln0aq1hyshaxsdvhg0kmcm6yf45r-zlib-1.2.13/lib/libz.so.1.2.13
7f43fc6aa000-7f43fc6ab000 rw-p 0001c000 08:30 678822167                  /nix/store/026hln0aq1hyshaxsdvhg0kmcm6yf45r-zlib-1.2.13/lib/libz.so.1.2.13
7f43fc6ab000-7f43fc6ad000 rw-p 00000000 00:00 0 
7f43fc6ad000-7f43fc6af000 r--p 00000000 08:30 600592008                  /nix/store/4nlgxhb09sdr51nc9hdm8az5b08vzkgx-glibc-2.35-163/lib/ld-linux-x86-64.so.2
7f43fc6af000-7f43fc6d6000 r-xp 00002000 08:30 600592008                  /nix/store/4nlgxhb09sdr51nc9hdm8az5b08vzkgx-glibc-2.35-163/lib/ld-linux-x86-64.so.2
7f43fc6d6000-7f43fc6e2000 r--p 00029000 08:30 600592008                  /nix/store/4nlgxhb09sdr51nc9hdm8az5b08vzkgx-glibc-2.35-163/lib/ld-linux-x86-64.so.2
7f43fc6e2000-7f43fc6e4000 r--p 00034000 08:30 600592008                  /nix/store/4nlgxhb09sdr51nc9hdm8az5b08vzkgx-glibc-2.35-163/lib/ld-linux-x86-64.so.2
7f43fc6e4000-7f43fc6e6000 rw-p 00036000 08:30 600592008                  /nix/store/4nlgxhb09sdr51nc9hdm8az5b08vzkgx-glibc-2.35-163/lib/ld-linux-x86-64.so.2
7ffea520a000-7ffea522e000 rw-p 00000000 00:00 0                          [stack]
7ffea5305000-7ffea5309000 r--p 00000000 00:00 0                          [vvar]
7ffea5309000-7ffea530b000 r-xp 00000000 00:00 0                          [vdso]
ffffffffff600000-ffffffffff601000 --xp 00000000 00:00 0                  [vsyscall]


VM Arguments:
jvm_args: -XX:ThreadPriorityPolicy=1 -XX:+UnlockExperimentalVMOptions -XX:+EnableJVMCIProduct -XX:JVMCIThreadsPerNativeLibraryRuntime=1 -XX:-UnlockExperimentalVMOptions -Declipse.application=org.eclipse.jdt.ls.core.id1 -Dosgi.bundles.defaultStartLevel=4 -Declipse.product=org.eclipse.jdt.ls.core.product -Dlog.level=ALL -Xverify:none -XX:+UseParallelGC -XX:GCTimeRatio=4 -XX:AdaptiveSizePolicyWeight=90 -Dsun.zip.disableMemoryMapping=true -Xmx512m -Xms100m 
java_command: /nix/store/q9712qvwdh22a4krw4jz2sjrz07mvjbl-jdt-language-server-1.9.0/share/java/plugins/org.eclipse.equinox.launcher_1.6.400.v20210924-0641.jar --add-modules=ALL-SYSTEM --add-opens java.base/java.util=ALL-UNNAMED --add-opens java.base/java.lang=ALL-UNNAMED -configuration /home/runner/Fishing-Game/.cache/jdt-language-server/config -data /home/runner/.cache/jdt-language-server/data/home/runner/Fishing-Game
java_class_path (initial): /nix/store/q9712qvwdh22a4krw4jz2sjrz07mvjbl-jdt-language-server-1.9.0/share/java/plugins/org.eclipse.equinox.launcher_1.6.400.v20210924-0641.jar
Launcher Type: SUN_STANDARD

[Global flags]
    uintx AdaptiveSizePolicyWeight                 = 90                                        {product} {command line}
     intx CICompilerCount                          = 3                                         {product} {ergonomic}
     bool EnableJVMCIProduct                       = true                                {JVMCI product} {jimage}
    uintx GCTimeRatio                              = 4                                         {product} {command line}
   size_t InitialHeapSize                          = 104857600                                 {product} {command line}
     uint JVMCIThreadsPerNativeLibraryRuntime      = 1                                   {JVMCI product} {jimage}
   size_t MaxHeapSize                              = 536870912                                 {product} {command line}
   size_t MaxNewSize                               = 178782208                                 {product} {ergonomic}
   size_t MinHeapDeltaBytes                        = 524288                                    {product} {ergonomic}
   size_t MinHeapSize                              = 104857600                                 {product} {command line}
   size_t NewSize                                  = 34603008                                  {product} {ergonomic}
    uintx NonNMethodCodeHeapSize                   = 6402904                                {pd product} {ergonomic}
    uintx NonProfiledCodeHeapSize                  = 122627668                              {pd product} {ergonomic}
   size_t OldSize                                  = 70254592                                  {product} {ergonomic}
    uintx ProfiledCodeHeapSize                     = 122627668                              {pd product} {ergonomic}
    uintx ReservedCodeCacheSize                    = 251658240                              {pd product} {ergonomic}
     bool SegmentedCodeCache                       = true                                      {product} {ergonomic}
   size_t SoftMaxHeapSize                          = 536870912                              {manageable} {ergonomic}
     intx ThreadPriorityPolicy                     = 1                                         {product} {jimage}
     bool UseCompressedClassPointers               = true                           {product lp64_product} {ergonomic}
     bool UseCompressedOops                        = true                           {product lp64_product} {ergonomic}
     bool UseParallelGC                            = true                                      {product} {command line}

Logging:
Log output configuration:
 #0: stdout all=warning uptime,level,tags
 #1: stderr all=off uptime,level,tags

Environment Variables:
JAVA_HOME=/nix/store/gpxl5qgg8kicmcvivwmybwjlpf7wh20l-graalvm17-ce-22.3.0
PATH=/nix/store/1d6ian3r8kdzspw8hacjhl3xkp40g1lj-binutils-wrapper-2.39/bin:/nix/store/dq0xwmsk1g0i2ayg6pb7y87na2knzylh-gcc-wrapper-11.3.0/bin:/nix/store/bap4d0lpcrhpwmpb8ayjcgkmvfj62lnq-bash-interactive-5.1-p16/bin:/nix/store/pr5n59mb4jzmfx6kanwxly0l07p861fg-patchelf-0.15.0/bin:/nix/store/1gf2flfqnpqbr1b4p4qz2f72y42bs56r-gcc-11.3.0/bin:/nix/store/57xv61c5zi8pphjbcwxxjlgc34p61ic9-glibc-2.35-163-bin/bin:/nix/store/a7gvj343m05j2s32xcnwr35v31ynlypr-coreutils-9.1/bin:/nix/store/039g378vc3pc3dvi9dzdlrd0i4q93qwf-binutils-2.39/bin:/nix/store/gpxl5qgg8kicmcvivwmybwjlpf7wh20l-graalvm17-ce-22.3.0/bin:/nix/store/6z9ag3ihc8mq2hzsw48lhbznvzny65nz-apache-maven-3.8.6/bin:/nix/store/q9712qvwdh22a4krw4jz2sjrz07mvjbl-jdt-language-server-1.9.0/bin:/nix/store/9zdrgm97n766nc0kj11x4xvvp00qlfk9-java-debug/bin:/nix/store/mydc6f4k2z73xlcz7ilif3v2lcaiqvza-findutils-4.9.0/bin:/nix/store/j9p3g8472iijd50vhdprx0nmk2fqn5gv-diffutils-3.8/bin:/nix/store/89zs7rms6x00xfq4dq6m7mjnhkr8a6r4-gnused-4.8/bin:/nix/store/86bp03jkmsl6f92w0yzg4s59g5mhxwmy-gnugrep-3.7/bin:/nix/store/hwcdqw4jrjnd37wxqgsd47hd0j8bnj09-gawk-5.1.1/bin:/nix/store/cfbhw8r8ags41vwqaz47r583d0p4h4a1-gnutar-1.34/bin:/nix/store/p3m1ndl1lapwrlh698bnb5lvvxh67378-gzip-1.12/bin:/nix/store/a8mhcagrsly7c7mpjrpsnaahk4aax056-bzip2-1.0.8-bin/bin:/nix/store/mblgz65m3zv9x548a3d5m96fj2pbwr09-gnumake-4.3/bin:/nix/store/dsd5gz46hdbdk2rfdimqddhq6m8m8fqs-bash-5.1-p16/bin:/nix/store/v7ljksji50mg3w61dykaa3n3y79n6nil-patch-2.7.6/bin:/nix/store/zlcnmqq14jz5x9439jf937mvayyl63da-xz-5.2.7-bin/bin:/nix/store/y6aj732zm9m87c82fpvf103a1xb22blp-file-5.43/bin:/nix/store/yq0vlv3d2f5si3ibawpq5ay2pc6knixp-nix-2.18.0pre20230808_c0e6466/bin:/nix/store/i4kzir3m7mrisxmf5xvlnkw01x4qaqr4-prybar-elisp-0.0.0-e0d9a52/bin:/nix/store/lwwivxf6h7x3cvxp9zv8sj0mv7dak99r-prybar-lua-0.0.0-e0d9a52/bin:/nix/store/gxj28g1cg4hq3qanmjv07156h800qr58-prybar-python3-0.0.0-e0d9a52/bin:/nix/store/hshkjnxrgidigf8x75vg6lqng2xlx9i3-prybar-sqlite-0.0.0-e0d9a52/bin:/nix/store/c4w01bpjgyy5ixmwdk8m1pw87zq4sl
LD_LIBRARY_PATH=/nix/store/a4pff549sk2idnkpzk5nsfps3mdkdnvm-cups-2.4.2-lib/lib:/nix/store/72mqxxhh3cy5yifh92wh2yb8cl2hikyy-cairo-1.16.0/lib:/nix/store/2k366jrbsra97gjfxwvrhvixjfxdach5-glib-2.74.1/lib:/nix/store/2j2znigd8ak37rlwh9khz0ry3clqlw1l-gtk+3-3.24.34/lib
DISPLAY=:0
LANG=en_US.UTF-8

Signal Handlers:
   SIGSEGV: crash_handler in libjvm.so, mask=11100100010111111101111111111110, flags=SA_RESTART|SA_SIGINFO
    SIGBUS: crash_handler in libjvm.so, mask=11100100010111111101111111111110, flags=SA_RESTART|SA_SIGINFO
    SIGFPE: crash_handler in libjvm.so, mask=11100100010111111101111111111110, flags=SA_RESTART|SA_SIGINFO
   SIGPIPE: IsolateEnterStub_IgnoreSIGPIPEStartupHook_noopSignalHandler_8f19bff2f35b5f630d83b364d6b2339320d4ec70_216e8361c6bc87a8f89f58cc10d3b2fd4415bf87 in libjvmcicompiler.so, mask=00000000000000000000000000000000, flags=SA_RESTART
  *** Handler was modified!
  *** Expected: javaSignalHandler in libjvm.so, mask=11100100110111111111111111111110, flags=SA_RESTART|SA_SIGINFO
   SIGXFSZ: javaSignalHandler in libjvm.so, mask=11100100010111111101111111111110, flags=SA_RESTART|SA_SIGINFO
    SIGILL: crash_handler in libjvm.so, mask=11100100010111111101111111111110, flags=SA_RESTART|SA_SIGINFO
   SIGUSR2: SR_handler in libjvm.so, mask=00000000000000000000000000000000, flags=SA_RESTART|SA_SIGINFO
    SIGHUP: UserHandler in libjvm.so, mask=11100100010111111101111111111110, flags=SA_RESTART|SA_SIGINFO
    SIGINT: UserHandler in libjvm.so, mask=11100100010111111101111111111110, flags=SA_RESTART|SA_SIGINFO
   SIGTERM: UserHandler in libjvm.so, mask=11100100010111111101111111111110, flags=SA_RESTART|SA_SIGINFO
   SIGQUIT: UserHandler in libjvm.so, mask=11100100010111111101111111111110, flags=SA_RESTART|SA_SIGINFO
  *** Handler was modified!
  *** Expected: javaSignalHandler in libjvm.so, mask=11100100110111111111111111111110, flags=SA_RESTART|SA_SIGINFO
   SIGTRAP: crash_handler in libjvm.so, mask=11100100010111111101111111111110, flags=SA_RESTART|SA_SIGINFO


---------------  S Y S T E M  ---------------

OS:
DISTRIB_ID=Ubuntu
DISTRIB_RELEASE=20.04
DISTRIB_CODENAME=focal
DISTRIB_DESCRIPTION="Ubuntu 20.04.2 LTS"
uname: Linux 6.5.0-1013-gcp #13~22.04.1-Ubuntu SMP Wed Jan 24 23:39:40 UTC 2024 x86_64
OS uptime: 0 days 0:25 hours
libc: glibc 2.35 NPTL 2.35 
rlimit (soft/hard): STACK 8192k/infinity , CORE infinity/infinity , NPROC infinity/infinity , NOFILE 83886/83886 , AS infinity/infinity , CPU infinity/infinity , DATA infinity/infinity , FSIZE infinity/infinity , MEMLOCK 8192k/8192k
load average: 11.15 5.49 3.34

/proc/meminfo:
MemTotal:       65835396 kB
MemFree:        51355432 kB
MemAvailable:   58557760 kB
Buffers:         1187508 kB
Cached:          6142368 kB
SwapCached:            0 kB
Active:          7613072 kB
Inactive:        5653284 kB
Active(anon):    5691184 kB
Inactive(anon):   231804 kB
Active(file):    1921888 kB
Inactive(file):  5421480 kB
Unevictable:       27752 kB
Mlocked:           27752 kB
SwapTotal:             0 kB
SwapFree:              0 kB
Zswap:                 0 kB
Zswapped:              0 kB
Dirty:              2824 kB
Writeback:             0 kB
AnonPages:       5942420 kB
Mapped:          1225608 kB
Shmem:             12060 kB
KReclaimable:     585412 kB
Slab:             802560 kB
SReclaimable:     585412 kB
SUnreclaim:       217148 kB
KernelStack:       57308 kB
PageTables:        78188 kB
SecPageTables:         0 kB
NFS_Unstable:          0 kB
Bounce:                0 kB
WritebackTmp:          0 kB
CommitLimit:    32917696 kB
Committed_AS:   21661772 kB
VmallocTotal:   34359738367 kB
VmallocUsed:       73080 kB
VmallocChunk:          0 kB
Percpu:            13888 kB
HardwareCorrupted:     0 kB
AnonHugePages:    184320 kB
ShmemHugePages:        0 kB
ShmemPmdMapped:        0 kB
FileHugePages:         0 kB
FilePmdMapped:         0 kB
Unaccepted:            0 kB
HugePages_Total:       0
HugePages_Free:        0
HugePages_Rsvd:        0
HugePages_Surp:        0
Hugepagesize:       2048 kB
Hugetlb:               0 kB
DirectMap4k:      193336 kB
DirectMap2M:     7143424 kB
DirectMap1G:    61865984 kB

/sys/kernel/mm/transparent_hugepage/enabled: always [madvise] never
/sys/kernel/mm/transparent_hugepage/defrag (defrag/compaction efforts parameter): always defer defer+madvise [madvise] never

Process Memory:
Virtual Size: 5464756K (peak: 5500924K)
Resident Set Size: 726644K (peak: 763020K) (anon: 528600K, file: 198044K, shmem: 0K)
Swapped out: 0K
C-Heap outstanding allocations: 49748K, retained: 15055K
glibc malloc tunables: (default)

/proc/sys/kernel/threads-max (system-wide limit on the number of threads): 514277
/proc/sys/vm/max_map_count (maximum number of memory map areas a process may have): 65530
/proc/sys/kernel/pid_max (system-wide limit on number of process identifiers): 4194304

container (cgroup) information:
container_type: cgroupv2
cpu_cpuset_cpus: not supported
cpu_memory_nodes: not supported
active_processor_count: 4
cpu_quota: 400000
cpu_period: 100000
cpu_shares: no shares
memory_limit_in_bytes: 8388608 k
memory_and_swap_limit_in_bytes: unlimited
memory_soft_limit_in_bytes: 8388608 k
memory_usage_in_bytes: 582860 k
memory_max_usage_in_bytes: not supported
maximum number of tasks: not supported
current number of tasks: not supported

KVM virtualization detected
Steal ticks since vm start: 436
Steal ticks percentage since vm start:  0.005

CPU: total 8 (initial active 4) (4 cores per cpu, 2 threads per core) family 6 model 79 stepping 0 microcode 0xffffffff, cx8, cmov, fxsr, ht, mmx, 3dnowpref, sse, sse2, sse3, ssse3, sse4.1, sse4.2, popcnt, lzcnt, tsc, tscinvbit, avx, avx2, aes, erms, clmul, bmi1, bmi2, rtm, adx, fma, vzeroupper, clflush, hv
CPU Model and flags from /proc/cpuinfo:
model name	: Intel(R) Xeon(R) CPU @ 2.20GHz
flags		: fpu vme de pse tsc msr pae mce cx8 apic sep mtrr pge mca cmov pat pse36 clflush mmx fxsr sse sse2 ss ht syscall nx pdpe1gb rdtscp lm constant_tsc rep_good nopl xtopology nonstop_tsc cpuid tsc_known_freq pni pclmulqdq ssse3 fma cx16 pcid sse4_1 sse4_2 x2apic movbe popcnt aes xsave avx f16c rdrand hypervisor lahf_lm abm 3dnowprefetch invpcid_single pti ssbd ibrs ibpb stibp fsgsbase tsc_adjust bmi1 hle avx2 smep bmi2 erms invpcid rtm rdseed adx smap xsaveopt arat md_clear arch_capabilities

Online cpus: 0-7
Offline cpus: 
BIOS frequency limitation: <Not Available>
Frequency switch latency (ns): <Not Available>
Available cpu frequencies: <Not Available>
Current governor: <Not Available>
Core performance/turbo boost: <Not Available>

Memory: 4k page, physical 8388608k(7805736k free), swap 0k(0k free)
Page Sizes: 4k

vm_info: OpenJDK 64-Bit Server VM (17.0.5+8-jvmci-22.3-b08) for linux-amd64 JRE (17.0.5+8-jvmci-22.3-b08), built on Oct 19 2022 09:01:27 by "buildslave" with gcc 10.3.0

END.
